Looking for git in: git
Using git 2.17.1 from git
> git rev-parse --show-toplevel
> git rev-parse --git-dir
Open repository: /home/krish/gym-collision-avoidance
> git status -z -u
> git symbolic-ref --short HEAD
> git rev-parse release
> git rev-parse --symbolic-full-name release@{u}
> git rev-list --left-right release...refs/remotes/origin/release
> git for-each-ref --format %(refname) %(objectname) --sort -committerdate
> git remote --verbose
Failed to watch ref '/home/krish/gym-collision-avoidance/.git/refs/remotes/origin/release', is most likely packed.
Error: ENOENT: no such file or directory, watch '/home/krish/gym-collision-avoidance/.git/refs/remotes/origin/release'
	at FSWatcher.start (internal/fs/watchers.js:165:26)
	at Object.watch (fs.js:1270:11)
	at Object.t.watch (/snap/code/33/usr/share/code/resources/app/extensions/git/dist/main.js:1:604919)
	at T.updateTransientWatchers (/snap/code/33/usr/share/code/resources/app/extensions/git/dist/main.js:1:83965)
	at e.fire (/snap/code/33/usr/share/code/resources/app/out/vs/workbench/services/extensions/node/extensionHostProcess.js:46:87)
	at e.updateModelState (/snap/code/33/usr/share/code/resources/app/extensions/git/dist/main.js:1:103179)
> git config --get commit.template
> git show :gym_collision_avoidance/experiments/src/run_trajectory_dataset_creator.py
> git ls-files --stage -- /home/krish/gym-collision-avoidance/gym_collision_avoidance/experiments/src/run_trajectory_dataset_creator.py
> git cat-file -s ad04ec1390e7adebbfea2f7f20f6949e68d64a7c
> git rev-parse --show-toplevel
> git rev-parse --git-dir
Open repository: /home/krish/gym-collision-avoidance/gym_collision_avoidance/envs/policies/Python-RVO2
> git status -z -u
> git symbolic-ref --short HEAD
fatal: ref HEAD is not a symbolic ref
> git rev-parse HEAD
> git for-each-ref --format %(refname) %(objectname) --sort -committerdate
> git remote --verbose
> git config --get commit.template
> git rev-parse --show-toplevel
> git rev-parse --git-dir
Open repository: /home/krish/gym-collision-avoidance/gym_collision_avoidance/envs/policies/DRL_Long
> git status -z -u
> git symbolic-ref --short HEAD
fatal: ref HEAD is not a symbolic ref
> git rev-parse HEAD
> git for-each-ref --format %(refname) %(objectname) --sort -committerdate
> git remote --verbose
> git config --get commit.template
> git check-ignore -v -z --stdin
> git config --global user.email
> git config --global user.name
> git check-ignore -v -z --stdin
> git check-ignore -v -z --stdin
> git check-ignore -v -z --stdin
> git check-ignore -v -z --stdin
> git check-ignore -v -z --stdin
> git check-ignore -v -z --stdin
> git show :gym_collision_avoidance/envs/agent.py
> git ls-files --stage -- /home/krish/gym-collision-avoidance/gym_collision_avoidance/envs/agent.py
> git cat-file -s 2e4f77f3689a35e443b2bc1c557275c06880f670
> git show :gym_collision_avoidance/experiments/src/run_trajectory_dataset_creator.py
> git ls-files --stage -- /home/krish/gym-collision-avoidance/gym_collision_avoidance/experiments/src/run_trajectory_dataset_creator.py
> git cat-file -s ad04ec1390e7adebbfea2f7f20f6949e68d64a7c
> git show :gym_collision_avoidance/envs/agent.py
> git ls-files --stage -- /home/krish/gym-collision-avoidance/gym_collision_avoidance/envs/agent.py
> git cat-file -s 2e4f77f3689a35e443b2bc1c557275c06880f670
> git show :gym_collision_avoidance/experiments/run_trajectory_dataset_creator.sh
> git ls-files --stage -- /home/krish/gym-collision-avoidance/gym_collision_avoidance/experiments/run_trajectory_dataset_creator.sh
> git cat-file -s dac77d524673e118f439ed92e8f440615dd0090c
> git show :gym_collision_avoidance/experiments/src/run_trajectory_dataset_creator.py
> git ls-files --stage -- /home/krish/gym-collision-avoidance/gym_collision_avoidance/experiments/src/run_trajectory_dataset_creator.py
> git cat-file -s ad04ec1390e7adebbfea2f7f20f6949e68d64a7c
> git show :gym_collision_avoidance/envs/policies/LearningPolicyGA3C.py
> git ls-files --stage -- /home/krish/gym-collision-avoidance/gym_collision_avoidance/envs/policies/LearningPolicyGA3C.py
> git cat-file -s 154f07d9762967d2ade48fc113bec601ee22e800
> git check-ignore -v -z --stdin
> git show :gym_collision_avoidance/envs/config.py
> git ls-files --stage -- /home/krish/gym-collision-avoidance/gym_collision_avoidance/envs/config.py
> git cat-file -s 97da2a9517ddf201e70d9f73706a307a33b38445
> git show :gym_collision_avoidance/envs/test_cases.py
> git ls-files --stage -- /home/krish/gym-collision-avoidance/gym_collision_avoidance/envs/test_cases.py
> git cat-file -s b1cc7d95dfbebeb526ebe83ab5f178dddaae4ccf
> git show :gym_collision_avoidance/envs/config.py
> git ls-files --stage -- /home/krish/gym-collision-avoidance/gym_collision_avoidance/envs/config.py
> git cat-file -s 97da2a9517ddf201e70d9f73706a307a33b38445
> git show :gym_collision_avoidance/envs/test_cases.py
> git ls-files --stage -- /home/krish/gym-collision-avoidance/gym_collision_avoidance/envs/test_cases.py
> git cat-file -s b1cc7d95dfbebeb526ebe83ab5f178dddaae4ccf
> git show :gym_collision_avoidance/envs/config.py
> git ls-files --stage -- /home/krish/gym-collision-avoidance/gym_collision_avoidance/envs/config.py
> git cat-file -s 97da2a9517ddf201e70d9f73706a307a33b38445
> git check-ignore -v -z --stdin
> git check-ignore -v -z --stdin
