Looking for git in: git
Using git 2.17.1 from git
> git rev-parse --show-toplevel
> git rev-parse --git-dir
Open repository: /home/krish/gym-collision-avoidance
> git status -z -u
> git show :README.md
> git ls-files --stage -- /home/krish/gym-collision-avoidance/README.md
> git cat-file -s 592ca77b0f53d76ca2b0b906dfd3d1b88a26c058
> git symbolic-ref --short HEAD
> git rev-parse release
> git rev-parse --symbolic-full-name release@{u}
> git rev-list --left-right release...refs/remotes/origin/release
> git for-each-ref --format %(refname) %(objectname) --sort -committerdate
> git remote --verbose
Failed to watch ref '/home/krish/gym-collision-avoidance/.git/refs/remotes/origin/release', is most likely packed.
Error: ENOENT: no such file or directory, watch '/home/krish/gym-collision-avoidance/.git/refs/remotes/origin/release'
	at FSWatcher.start (internal/fs/watchers.js:165:26)
	at Object.watch (fs.js:1270:11)
	at Object.t.watch (/snap/code/33/usr/share/code/resources/app/extensions/git/dist/main.js:1:604919)
	at T.updateTransientWatchers (/snap/code/33/usr/share/code/resources/app/extensions/git/dist/main.js:1:83965)
	at e.fire (/snap/code/33/usr/share/code/resources/app/out/vs/workbench/services/extensions/node/extensionHostProcess.js:46:87)
	at e.updateModelState (/snap/code/33/usr/share/code/resources/app/extensions/git/dist/main.js:1:103179)
> git config --get commit.template
> git check-ignore -v -z --stdin
> git rev-parse --show-toplevel
> git rev-parse --git-dir
Open repository: /home/krish/gym-collision-avoidance/gym_collision_avoidance/envs/policies/Python-RVO2
> git status -z -u
> git show :gym_collision_avoidance/experiments/src/example.py
> git ls-files --stage -- /home/krish/gym-collision-avoidance/gym_collision_avoidance/experiments/src/example.py
> git symbolic-ref --short HEAD
> git cat-file -s 9d3ac1308cdc6d5c7d86035302e7dcd7378a6e99
fatal: ref HEAD is not a symbolic ref
> git rev-parse HEAD
> git for-each-ref --format %(refname) %(objectname) --sort -committerdate
> git remote --verbose
> git config --get commit.template
> git rev-parse --show-toplevel
> git rev-parse --git-dir
Open repository: /home/krish/gym-collision-avoidance/gym_collision_avoidance/envs/policies/DRL_Long
> git status -z -u
> git symbolic-ref --short HEAD
fatal: ref HEAD is not a symbolic ref
> git rev-parse HEAD
> git for-each-ref --format %(refname) %(objectname) --sort -committerdate
> git remote --verbose
> git config --get commit.template
> git check-ignore -v -z --stdin
> git config --global user.email
> git config --global user.name
> git show :example.sh
> git ls-files --stage -- /home/krish/gym-collision-avoidance/example.sh
> git cat-file -s 0a63c8c76495194db522dc5bbe237eaf4368c6eb
> git check-ignore -v -z --stdin
> git check-ignore -v -z --stdin
> git check-ignore -v -z --stdin
> git check-ignore -v -z --stdin
> git check-ignore -v -z --stdin
> git check-ignore -v -z --stdin
> git show :gym_collision_avoidance/envs/policies/GA3C_CADRL/network.py
> git ls-files --stage -- /home/krish/gym-collision-avoidance/gym_collision_avoidance/envs/policies/GA3C_CADRL/network.py
> git cat-file -s c502af7595294f6582f0fefa185d56428581c625
> git log --format=%H%n%aN%n%aE%n%at%n%ct%n%P%n%B -z -n21 -- /home/krish/gym-collision-avoidance/gym_collision_avoidance/envs/policies/GA3C_CADRL/network.py
> git log --format=%H%n%aN%n%aE%n%at%n%ct%n%P%n%B -z -n41 -- /home/krish/gym-collision-avoidance/gym_collision_avoidance/envs/policies/GA3C_CADRL/network.py
> git show :venv/lib/python3.6/site-packages/tensorflow/__init__.py
> git ls-files --stage -- /home/krish/gym-collision-avoidance/venv/lib/python3.6/site-packages/tensorflow/__init__.py
> git check-ignore -v -z --stdin
> git show :gym_collision_avoidance/envs/policies/GA3C_CADRL/network.py
> git ls-files --stage -- /home/krish/gym-collision-avoidance/gym_collision_avoidance/envs/policies/GA3C_CADRL/network.py
> git cat-file -s c502af7595294f6582f0fefa185d56428581c625
> git show :venv/lib/python3.6/site-packages/tensorflow/__init__.py
> git ls-files --stage -- /home/krish/gym-collision-avoidance/venv/lib/python3.6/site-packages/tensorflow/__init__.py
> git show :gym_collision_avoidance/envs/policies/GA3C_CADRL/network.py
> git ls-files --stage -- /home/krish/gym-collision-avoidance/gym_collision_avoidance/envs/policies/GA3C_CADRL/network.py
> git cat-file -s c502af7595294f6582f0fefa185d56428581c625
> git show :venv/lib/python3.6/site-packages/tensorflow/__init__.py
> git ls-files --stage -- /home/krish/gym-collision-avoidance/venv/lib/python3.6/site-packages/tensorflow/__init__.py
> git show :gym_collision_avoidance/envs/policies/GA3C_CADRL/network.py
> git ls-files --stage -- /home/krish/gym-collision-avoidance/gym_collision_avoidance/envs/policies/GA3C_CADRL/network.py
> git cat-file -s c502af7595294f6582f0fefa185d56428581c625
> git show :venv/lib/python3.6/site-packages/tensorflow/__init__.py
> git ls-files --stage -- /home/krish/gym-collision-avoidance/venv/lib/python3.6/site-packages/tensorflow/__init__.py
> git rev-parse --show-toplevel
> git rev-parse --git-dir
Open repository: /home/krish
> git status -z -u
> git show :.vscode/extensions/ms-python.python-2020.5.78807/pythonFiles/lib/python/jedi/third_party/typeshed/stdlib/3/_importlib_modulespec.pyi
> git ls-files --stage -- /home/krish/.vscode/extensions/ms-python.python-2020.5.78807/pythonFiles/lib/python/jedi/third_party/typeshed/stdlib/3/_importlib_modulespec.pyi
> git check-ignore -v -z --stdin
> git check-ignore -v -z --stdin
> git check-ignore -v -z --stdin
> git check-ignore -v -z --stdin
> git show :venv/lib/python3.6/site-packages/tensorflow/__init__.py
> git ls-files --stage -- /home/krish/gym-collision-avoidance/venv/lib/python3.6/site-packages/tensorflow/__init__.py
> git check-ignore -v -z --stdin
> git check-ignore -v -z --stdin
> git show :gym_collision_avoidance/envs/policies/GA3C_CADRL/network.py
> git ls-files --stage -- /home/krish/gym-collision-avoidance/gym_collision_avoidance/envs/policies/GA3C_CADRL/network.py
> git cat-file -s c502af7595294f6582f0fefa185d56428581c625
> git check-ignore -v -z --stdin
