User belongs to experiment group 'AlwaysDisplayTestExplorer - experiment'
User belongs to experiment group 'ShowPlayIcon - start'
User belongs to experiment group 'DebugAdapterFactory - experiment'
User belongs to experiment group 'PtvsdWheels37 - experiment'
User belongs to experiment group 'UseTerminalToGetActivatedEnvVars - control'
User belongs to experiment group 'AA_testing - control'
User belongs to experiment group 'WebHostNotebook - control'
User belongs to experiment group 'LocalZMQKernel - control'
User belongs to experiment group 'NativeNotebook - control'
User belongs to experiment group 'CollectLSRequestTiming - control'
User belongs to experiment group 'CollectNodeLSRequestTiming - experiment'
User belongs to experiment group 'EnableIPyWidgets - experiment'
User belongs to experiment group 'RunByLine - control'
> conda --version
> pyenv root
> python3.7 ~/.vscode/extensions/ms-python.python-2020.5.80290/pythonFiles/pyvsc-run-isolated.py -c "import sys;print(sys.executable)"
> python3.6 ~/.vscode/extensions/ms-python.python-2020.5.80290/pythonFiles/pyvsc-run-isolated.py -c "import sys;print(sys.executable)"
> python3 ~/.vscode/extensions/ms-python.python-2020.5.80290/pythonFiles/pyvsc-run-isolated.py -c "import sys;print(sys.executable)"
> python2 ~/.vscode/extensions/ms-python.python-2020.5.80290/pythonFiles/pyvsc-run-isolated.py -c "import sys;print(sys.executable)"
> python ~/.vscode/extensions/ms-python.python-2020.5.80290/pythonFiles/pyvsc-run-isolated.py -c "import sys;print(sys.executable)"
> python ~/.vscode/extensions/ms-python.python-2020.5.80290/pythonFiles/pyvsc-run-isolated.py -c "import sys;print(sys.executable)"
> conda info --json
> /usr/bin/python3 ~/.vscode/extensions/ms-python.python-2020.5.80290/pythonFiles/pyvsc-run-isolated.py -c "import jupyter"
> /usr/bin/python3 ~/.vscode/extensions/ms-python.python-2020.5.80290/pythonFiles/pyvsc-run-isolated.py -c "import jupyter"
> /usr/bin/python3 ~/.vscode/extensions/ms-python.python-2020.5.80290/pythonFiles/pyvsc-run-isolated.py -c "import notebook"
> /usr/bin/python3 ~/.vscode/extensions/ms-python.python-2020.5.80290/pythonFiles/pyvsc-run-isolated.py -c "import notebook"
> conda env list
> /usr/bin/python3 ~/.vscode/extensions/ms-python.python-2020.5.80290/pythonFiles/pyvsc-run-isolated.py jupyter kernelspec --version
> /usr/bin/python3 ~/.vscode/extensions/ms-python.python-2020.5.80290/pythonFiles/pyvsc-run-isolated.py jupyter kernelspec --version
Starting Jedi Python language engine.
Python interpreter path: ~/anaconda3/envs/pandas_env/bin/python
> conda info --json
> conda env list
> ~/anaconda3/envs/pandas_env/bin/python ~/.vscode/extensions/ms-python.python-2020.5.80290/pythonFiles/pyvsc-run-isolated.py -c "import sys;print(sys.executable)"
> ~/anaconda3/envs/pandas_env/bin/python ~/.vscode/extensions/ms-python.python-2020.5.80290/pythonFiles/pyvsc-run-isolated.py -c "import sys;print(sys.executable)"
> ~/anaconda3/envs/pandas_env/bin/python ~/.vscode/extensions/ms-python.python-2020.5.80290/pythonFiles/pyvsc-run-isolated.py -c "import sys;print(sys.prefix)"
cwd: /media/krish/WD1/Ubuntu/Documents/coursework/2019-2020/winter-2020/CSE 478 - Autonomous Robotics/lab/lab_2
> ~/anaconda3/envs/pandas_env/bin/python ~/.vscode/extensions/ms-python.python-2020.5.80290/pythonFiles/pyvsc-run-isolated.py -c "import sys;print(sys.prefix)"
cwd: /media/krish/WD1/Ubuntu/Documents/coursework/2019-2020/winter-2020/CSE 478 - Autonomous Robotics/lab/lab_2
> ~/anaconda3/envs/pandas_env/bin/python ~/.vscode/extensions/ms-python.python-2020.5.80290/pythonFiles/pyvsc-run-isolated.py -c "import sys;print(sys.executable)"
cwd: /media/krish/WD1/Ubuntu/Documents/coursework/2019-2020/winter-2020/CSE 478 - Autonomous Robotics/lab/lab_2
> ~/anaconda3/envs/pandas_env/bin/python ~/.vscode/extensions/ms-python.python-2020.5.80290/pythonFiles/pyvsc-run-isolated.py -c "import sys;print(sys.executable)"
cwd: /media/krish/WD1/Ubuntu/Documents/coursework/2019-2020/winter-2020/CSE 478 - Autonomous Robotics/lab/lab_2
> ~/anaconda3/envs/pandas_env/bin/python ~/.vscode/extensions/ms-python.python-2020.5.80290/pythonFiles/pyvsc-run-isolated.py -c "from distutils.sysconfig import get_python_lib; print(get_python_lib())"
cwd: /media/krish/WD1/Ubuntu/Documents/coursework/2019-2020/winter-2020/CSE 478 - Autonomous Robotics/lab/lab_2
> ~/anaconda3/envs/pandas_env/bin/python ~/.vscode/extensions/ms-python.python-2020.5.80290/pythonFiles/pyvsc-run-isolated.py -c "from distutils.sysconfig import get_python_lib; print(get_python_lib())"
cwd: /media/krish/WD1/Ubuntu/Documents/coursework/2019-2020/winter-2020/CSE 478 - Autonomous Robotics/lab/lab_2
> ~/anaconda3/envs/pandas_env/bin/python ~/.vscode/extensions/ms-python.python-2020.5.80290/pythonFiles/pyvsc-run-isolated.py site --user-site
cwd: /media/krish/WD1/Ubuntu/Documents/coursework/2019-2020/winter-2020/CSE 478 - Autonomous Robotics/lab/lab_2
> ~/anaconda3/envs/pandas_env/bin/python ~/.vscode/extensions/ms-python.python-2020.5.80290/pythonFiles/pyvsc-run-isolated.py site --user-site
cwd: /media/krish/WD1/Ubuntu/Documents/coursework/2019-2020/winter-2020/CSE 478 - Autonomous Robotics/lab/lab_2
> ~/anaconda3/envs/pandas_env/bin/python ~/.vscode/extensions/ms-python.python-2020.5.80290/pythonFiles/pyvsc-run-isolated.py ~/.vscode/extensions/ms-python.python-2020.5.80290/pythonFiles/completion.py
> ~/anaconda3/envs/pandas_env/bin/python ~/.vscode/extensions/ms-python.python-2020.5.80290/pythonFiles/pyvsc-run-isolated.py ~/.vscode/extensions/ms-python.python-2020.5.80290/pythonFiles/completion.py
> ~/anaconda3/envs/pandas_env/bin/python ~/.vscode/extensions/ms-python.python-2020.5.80290/pythonFiles/pyvsc-run-isolated.py pylint --disable=all --enable=F,unreachable,duplicate-key,unnecessary-semicolon,global-variable-not-assigned,unused-variable,unused-wildcard-import,binary-op-exception,bad-format-string,anomalous-backslash-in-string,bad-open-mode,E0001,E0011,E0012,E0100,E0101,E0102,E0103,E0104,E0105,E0107,E0108,E0110,E0111,E0112,E0113,E0114,E0115,E0116,E0117,E0118,E0202,E0203,E0211,E0213,E0236,E0237,E0238,E0239,E0240,E0241,E0301,E0302,E0303,E0401,E0402,E0601,E0602,E0603,E0604,E0611,E0632,E0633,E0701,E0702,E0703,E0704,E0710,E0711,E0712,E1003,E1101,E1102,E1111,E1120,E1121,E1123,E1124,E1125,E1126,E1127,E1128,E1129,E1130,E1131,E1132,E1133,E1134,E1135,E1136,E1137,E1138,E1139,E1200,E1201,E1205,E1206,E1300,E1301,E1302,E1303,E1304,E1305,E1306,E1310,E1700,E1701 --msg-template='{line},{column},{category},{symbol}:{msg}' --reports=n --output-format=text "/media/krish/WD1/Ubuntu/Documents/coursework/2019-2020/winter-2020/CSE 478 - Autonomous Robotics/lab/lab_2/lab2-master/lab2-master/src/main.py"
cwd: /media/krish/WD1/Ubuntu/Documents/coursework/2019-2020/winter-2020/CSE 478 - Autonomous Robotics/lab/lab_2
> ~/anaconda3/envs/pandas_env/bin/python ~/.vscode/extensions/ms-python.python-2020.5.80290/pythonFiles/pyvsc-run-isolated.py pylint --disable=all --enable=F,unreachable,duplicate-key,unnecessary-semicolon,global-variable-not-assigned,unused-variable,unused-wildcard-import,binary-op-exception,bad-format-string,anomalous-backslash-in-string,bad-open-mode,E0001,E0011,E0012,E0100,E0101,E0102,E0103,E0104,E0105,E0107,E0108,E0110,E0111,E0112,E0113,E0114,E0115,E0116,E0117,E0118,E0202,E0203,E0211,E0213,E0236,E0237,E0238,E0239,E0240,E0241,E0301,E0302,E0303,E0401,E0402,E0601,E0602,E0603,E0604,E0611,E0632,E0633,E0701,E0702,E0703,E0704,E0710,E0711,E0712,E1003,E1101,E1102,E1111,E1120,E1121,E1123,E1124,E1125,E1126,E1127,E1128,E1129,E1130,E1131,E1132,E1133,E1134,E1135,E1136,E1137,E1138,E1139,E1200,E1201,E1205,E1206,E1300,E1301,E1302,E1303,E1304,E1305,E1306,E1310,E1700,E1701 --msg-template='{line},{column},{category},{symbol}:{msg}' --reports=n --output-format=text "/media/krish/WD1/Ubuntu/Documents/coursework/2019-2020/winter-2020/CSE 478 - Autonomous Robotics/lab/lab_2/lab2-master/lab2-master/src/main.py"
cwd: /media/krish/WD1/Ubuntu/Documents/coursework/2019-2020/winter-2020/CSE 478 - Autonomous Robotics/lab/lab_2
##########Linting Output - pylint##########
************* Module main
3,0,error,syntax-error:Cannot import 'control_node' due to syntax error 'Missing parentheses in call to \'print\'. Did you mean print("Control Node Initialized")? (<unknown>, line 44)'
12,17,error,no-member:Module 'threading' has no 'Tread' member; maybe 'Thread'?

-----------------------------------
Your code has been rated at 0.91/10

> ~/anaconda3/envs/pandas_env/bin/python ~/.vscode/extensions/ms-python.python-2020.5.80290/pythonFiles/pyvsc-run-isolated.py pylint --disable=all --enable=F,unreachable,duplicate-key,unnecessary-semicolon,global-variable-not-assigned,unused-variable,unused-wildcard-import,binary-op-exception,bad-format-string,anomalous-backslash-in-string,bad-open-mode,E0001,E0011,E0012,E0100,E0101,E0102,E0103,E0104,E0105,E0107,E0108,E0110,E0111,E0112,E0113,E0114,E0115,E0116,E0117,E0118,E0202,E0203,E0211,E0213,E0236,E0237,E0238,E0239,E0240,E0241,E0301,E0302,E0303,E0401,E0402,E0601,E0602,E0603,E0604,E0611,E0632,E0633,E0701,E0702,E0703,E0704,E0710,E0711,E0712,E1003,E1101,E1102,E1111,E1120,E1121,E1123,E1124,E1125,E1126,E1127,E1128,E1129,E1130,E1131,E1132,E1133,E1134,E1135,E1136,E1137,E1138,E1139,E1200,E1201,E1205,E1206,E1300,E1301,E1302,E1303,E1304,E1305,E1306,E1310,E1700,E1701 --msg-template='{line},{column},{category},{symbol}:{msg}' --reports=n --output-format=text "/media/krish/WD1/Ubuntu/Documents/coursework/2019-2020/winter-2020/CSE 478 - Autonomous Robotics/lab/lab_2/lab2-master/lab2-master/src/mpc.py"
cwd: /media/krish/WD1/Ubuntu/Documents/coursework/2019-2020/winter-2020/CSE 478 - Autonomous Robotics/lab/lab_2
> ~/anaconda3/envs/pandas_env/bin/python ~/.vscode/extensions/ms-python.python-2020.5.80290/pythonFiles/pyvsc-run-isolated.py pylint --disable=all --enable=F,unreachable,duplicate-key,unnecessary-semicolon,global-variable-not-assigned,unused-variable,unused-wildcard-import,binary-op-exception,bad-format-string,anomalous-backslash-in-string,bad-open-mode,E0001,E0011,E0012,E0100,E0101,E0102,E0103,E0104,E0105,E0107,E0108,E0110,E0111,E0112,E0113,E0114,E0115,E0116,E0117,E0118,E0202,E0203,E0211,E0213,E0236,E0237,E0238,E0239,E0240,E0241,E0301,E0302,E0303,E0401,E0402,E0601,E0602,E0603,E0604,E0611,E0632,E0633,E0701,E0702,E0703,E0704,E0710,E0711,E0712,E1003,E1101,E1102,E1111,E1120,E1121,E1123,E1124,E1125,E1126,E1127,E1128,E1129,E1130,E1131,E1132,E1133,E1134,E1135,E1136,E1137,E1138,E1139,E1200,E1201,E1205,E1206,E1300,E1301,E1302,E1303,E1304,E1305,E1306,E1310,E1700,E1701 --msg-template='{line},{column},{category},{symbol}:{msg}' --reports=n --output-format=text "/media/krish/WD1/Ubuntu/Documents/coursework/2019-2020/winter-2020/CSE 478 - Autonomous Robotics/lab/lab_2/lab2-master/lab2-master/src/mpc.py"
cwd: /media/krish/WD1/Ubuntu/Documents/coursework/2019-2020/winter-2020/CSE 478 - Autonomous Robotics/lab/lab_2
##########Linting Output - pylint##########
************* Module mpc
37,12,error,assignment-from-no-return:Assigning result of a function call, where the function has no return
66,8,warning,unreachable:Unreachable code
94,8,warning,unused-variable:Unused variable 'ctrls'
95,8,warning,unused-variable:Unused variable 'step_size'
121,8,warning,unreachable:Unreachable code
119,16,error,undefined-variable:Undefined variable 'x_dot'
119,23,error,undefined-variable:Undefined variable 'y_dot'
119,30,error,undefined-variable:Undefined variable 'theta_dot'
118,8,warning,unused-variable:Unused variable 'dt'

-----------------------------------
Your code has been rated at 7.40/10

