Looking for git in: git
Using git 2.17.1 from git
> git rev-parse --show-toplevel
> git rev-parse --git-dir
Open repository: /home/krish/gym-collision-avoidance
> git status -z -u
> git symbolic-ref --short HEAD
> git rev-parse release
> git rev-parse --symbolic-full-name release@{u}
> git rev-list --left-right release...refs/remotes/origin/release
> git for-each-ref --format %(refname) %(objectname) --sort -committerdate
> git remote --verbose
Failed to watch ref '/home/krish/gym-collision-avoidance/.git/refs/remotes/origin/release', is most likely packed.
Error: ENOENT: no such file or directory, watch '/home/krish/gym-collision-avoidance/.git/refs/remotes/origin/release'
	at FSWatcher.start (internal/fs/watchers.js:165:26)
	at Object.watch (fs.js:1270:11)
	at Object.t.watch (/snap/code/33/usr/share/code/resources/app/extensions/git/dist/main.js:1:604919)
	at T.updateTransientWatchers (/snap/code/33/usr/share/code/resources/app/extensions/git/dist/main.js:1:83965)
	at e.fire (/snap/code/33/usr/share/code/resources/app/out/vs/workbench/services/extensions/node/extensionHostProcess.js:46:87)
	at e.updateModelState (/snap/code/33/usr/share/code/resources/app/extensions/git/dist/main.js:1:103179)
> git config --get commit.template
> git config --global user.email
> git config --global user.name
> git check-ignore -v -z --stdin
> git show :gym_collision_avoidance/experiments/src/run_trajectory_dataset_creator.py
> git ls-files --stage -- /home/krish/gym-collision-avoidance/gym_collision_avoidance/experiments/src/run_trajectory_dataset_creator.py
> git cat-file -s ad04ec1390e7adebbfea2f7f20f6949e68d64a7c
> git rev-parse --show-toplevel
> git rev-parse --git-dir
Open repository: /home/krish/gym-collision-avoidance/gym_collision_avoidance/envs/policies/Python-RVO2
> git status -z -u
> git symbolic-ref --short HEAD
fatal: ref HEAD is not a symbolic ref
> git rev-parse HEAD
> git for-each-ref --format %(refname) %(objectname) --sort -committerdate
> git remote --verbose
> git config --get commit.template
> git rev-parse --show-toplevel
> git rev-parse --git-dir
Open repository: /home/krish/gym-collision-avoidance/gym_collision_avoidance/envs/policies/DRL_Long
> git status -z -u
> git symbolic-ref --short HEAD
fatal: ref HEAD is not a symbolic ref
> git rev-parse HEAD
> git for-each-ref --format %(refname) %(objectname) --sort -committerdate
> git remote --verbose
> git config --get commit.template
> git check-ignore -v -z --stdin
> git rev-parse --show-toplevel
fatal: not a git repository (or any of the parent directories): .git
> git show :gym_collision_avoidance/experiments/src/run_trajectory_dataset_creator.py
> git ls-files --stage -- /home/krish/gym-collision-avoidance/gym_collision_avoidance/experiments/src/run_trajectory_dataset_creator.py
> git cat-file -s ad04ec1390e7adebbfea2f7f20f6949e68d64a7c
> git show :gym_collision_avoidance/experiments/src/env_utils.py
> git ls-files --stage -- /home/krish/gym-collision-avoidance/gym_collision_avoidance/experiments/src/env_utils.py
> git cat-file -s 7a629b05cdbc592c8e30a26a4223846242c4ccdf
> git show :gym_collision_avoidance/experiments/src/run_trajectory_dataset_creator.py
> git ls-files --stage -- /home/krish/gym-collision-avoidance/gym_collision_avoidance/experiments/src/run_trajectory_dataset_creator.py
> git cat-file -s ad04ec1390e7adebbfea2f7f20f6949e68d64a7c
> git log --format=%H%n%aN%n%aE%n%at%n%ct%n%P%n%B -z -n21 -- /home/krish/gym-collision-avoidance/gym_collision_avoidance/experiments/src/run_trajectory_dataset_creator.py
> git show :venv/lib/python3.6/site-packages/tqdm/std.py
> git ls-files --stage -- /home/krish/gym-collision-avoidance/venv/lib/python3.6/site-packages/tqdm/std.py
> git check-ignore -v -z --stdin
> git show :gym_collision_avoidance/experiments/src/run_trajectory_dataset_creator.py
> git ls-files --stage -- /home/krish/gym-collision-avoidance/gym_collision_avoidance/experiments/src/run_trajectory_dataset_creator.py
> git cat-file -s ad04ec1390e7adebbfea2f7f20f6949e68d64a7c
> git show :gym_collision_avoidance/experiments/src/env_utils.py
> git ls-files --stage -- /home/krish/gym-collision-avoidance/gym_collision_avoidance/experiments/src/env_utils.py
> git cat-file -s 7a629b05cdbc592c8e30a26a4223846242c4ccdf
> git show :gym_collision_avoidance/experiments/src/run_trajectory_dataset_creator.py
> git ls-files --stage -- /home/krish/gym-collision-avoidance/gym_collision_avoidance/experiments/src/run_trajectory_dataset_creator.py
> git cat-file -s ad04ec1390e7adebbfea2f7f20f6949e68d64a7c
> git show :gym_collision_avoidance/experiments/src/env_utils.py
> git ls-files --stage -- /home/krish/gym-collision-avoidance/gym_collision_avoidance/experiments/src/env_utils.py
> git cat-file -s 7a629b05cdbc592c8e30a26a4223846242c4ccdf
> git show :gym_collision_avoidance/envs/wrappers.py
> git ls-files --stage -- /home/krish/gym-collision-avoidance/gym_collision_avoidance/envs/wrappers.py
> git cat-file -s 34fae400a66aa2e35db84b97fbe64d3196031894
> git check-ignore -v -z --stdin
> git show :gym_collision_avoidance/experiments/src/env_utils.py
> git ls-files --stage -- /home/krish/gym-collision-avoidance/gym_collision_avoidance/experiments/src/env_utils.py
> git cat-file -s 7a629b05cdbc592c8e30a26a4223846242c4ccdf
> git show :gym_collision_avoidance/envs/collision_avoidance_env.py
> git ls-files --stage -- /home/krish/gym-collision-avoidance/gym_collision_avoidance/envs/collision_avoidance_env.py
> git cat-file -s f3e7b579ed8cb9772a7feffe67b67ea632397e28
> git check-ignore -v -z --stdin
> git show :gym_collision_avoidance/envs/visualize.py
> git ls-files --stage -- /home/krish/gym-collision-avoidance/gym_collision_avoidance/envs/visualize.py
> git cat-file -s 15daa64ff975f9691eaaab7a6b2d6758cafd815a
> git check-ignore -v -z --stdin
> git show :gym_collision_avoidance/experiments/src/run_trajectory_dataset_creator.py
> git ls-files --stage -- /home/krish/gym-collision-avoidance/gym_collision_avoidance/experiments/src/run_trajectory_dataset_creator.py
> git cat-file -s ad04ec1390e7adebbfea2f7f20f6949e68d64a7c
> git show :example.sh
> git ls-files --stage -- /home/krish/gym-collision-avoidance/example.sh
> git cat-file -s 0a63c8c76495194db522dc5bbe237eaf4368c6eb
> git show :gym_collision_avoidance/experiments/src/example.py
> git ls-files --stage -- /home/krish/gym-collision-avoidance/gym_collision_avoidance/experiments/src/example.py
> git cat-file -s 9d3ac1308cdc6d5c7d86035302e7dcd7378a6e99
> git show :gym_collision_avoidance/envs/collision_avoidance_env.py
> git ls-files --stage -- /home/krish/gym-collision-avoidance/gym_collision_avoidance/envs/collision_avoidance_env.py
> git cat-file -s f3e7b579ed8cb9772a7feffe67b67ea632397e28
> git show :gym_collision_avoidance/envs/visualize.py
> git ls-files --stage -- /home/krish/gym-collision-avoidance/gym_collision_avoidance/envs/visualize.py
> git cat-file -s 15daa64ff975f9691eaaab7a6b2d6758cafd815a
> git show :gym_collision_avoidance/experiments/src/example.py
> git ls-files --stage -- /home/krish/gym-collision-avoidance/gym_collision_avoidance/experiments/src/example.py
> git cat-file -s 9d3ac1308cdc6d5c7d86035302e7dcd7378a6e99
> git show :gym_collision_avoidance/envs/collision_avoidance_env.py
> git ls-files --stage -- /home/krish/gym-collision-avoidance/gym_collision_avoidance/envs/collision_avoidance_env.py
> git cat-file -s f3e7b579ed8cb9772a7feffe67b67ea632397e28
> git show :gym_collision_avoidance/envs/visualize.py
> git ls-files --stage -- /home/krish/gym-collision-avoidance/gym_collision_avoidance/envs/visualize.py
> git cat-file -s 15daa64ff975f9691eaaab7a6b2d6758cafd815a
> git show :gym_collision_avoidance/envs/collision_avoidance_env.py
> git ls-files --stage -- /home/krish/gym-collision-avoidance/gym_collision_avoidance/envs/collision_avoidance_env.py
> git cat-file -s f3e7b579ed8cb9772a7feffe67b67ea632397e28
> git show :gym_collision_avoidance/envs/Map.py
> git ls-files --stage -- /home/krish/gym-collision-avoidance/gym_collision_avoidance/envs/Map.py
> git cat-file -s cb5d2a88af4812345bf7948de7ff48867dda2069
> git check-ignore -v -z --stdin
> git show :gym_collision_avoidance/envs/collision_avoidance_env.py
> git ls-files --stage -- /home/krish/gym-collision-avoidance/gym_collision_avoidance/envs/collision_avoidance_env.py
> git cat-file -s f3e7b579ed8cb9772a7feffe67b67ea632397e28
> git show :gym_collision_avoidance/envs/Map.py
> git ls-files --stage -- /home/krish/gym-collision-avoidance/gym_collision_avoidance/envs/Map.py
> git cat-file -s cb5d2a88af4812345bf7948de7ff48867dda2069
> git show :gym_collision_avoidance/envs/collision_avoidance_env.py
> git ls-files --stage -- /home/krish/gym-collision-avoidance/gym_collision_avoidance/envs/collision_avoidance_env.py
> git cat-file -s f3e7b579ed8cb9772a7feffe67b67ea632397e28
> git show :gym_collision_avoidance/experiments/src/example.py
> git ls-files --stage -- /home/krish/gym-collision-avoidance/gym_collision_avoidance/experiments/src/example.py
> git cat-file -s 9d3ac1308cdc6d5c7d86035302e7dcd7378a6e99
> git show :gym_collision_avoidance/envs/collision_avoidance_env.py
> git ls-files --stage -- /home/krish/gym-collision-avoidance/gym_collision_avoidance/envs/collision_avoidance_env.py
> git cat-file -s f3e7b579ed8cb9772a7feffe67b67ea632397e28
> git show :gym_collision_avoidance/envs/visualize.py
> git ls-files --stage -- /home/krish/gym-collision-avoidance/gym_collision_avoidance/envs/visualize.py
> git cat-file -s 15daa64ff975f9691eaaab7a6b2d6758cafd815a
> git show :gym_collision_avoidance/envs/collision_avoidance_env.py
> git ls-files --stage -- /home/krish/gym-collision-avoidance/gym_collision_avoidance/envs/collision_avoidance_env.py
> git cat-file -s f3e7b579ed8cb9772a7feffe67b67ea632397e28
> git show :gym_collision_avoidance/envs/Map.py
> git ls-files --stage -- /home/krish/gym-collision-avoidance/gym_collision_avoidance/envs/Map.py
> git cat-file -s cb5d2a88af4812345bf7948de7ff48867dda2069
> git show :gym_collision_avoidance/envs/collision_avoidance_env.py
> git ls-files --stage -- /home/krish/gym-collision-avoidance/gym_collision_avoidance/envs/collision_avoidance_env.py
> git cat-file -s f3e7b579ed8cb9772a7feffe67b67ea632397e28
> git show :gym_collision_avoidance/envs/Map.py
> git ls-files --stage -- /home/krish/gym-collision-avoidance/gym_collision_avoidance/envs/Map.py
> git cat-file -s cb5d2a88af4812345bf7948de7ff48867dda2069
> git show :gym_collision_avoidance/envs/collision_avoidance_env.py
> git ls-files --stage -- /home/krish/gym-collision-avoidance/gym_collision_avoidance/envs/collision_avoidance_env.py
> git cat-file -s f3e7b579ed8cb9772a7feffe67b67ea632397e28
> git show :gym_collision_avoidance/experiments/src/example.py
> git ls-files --stage -- /home/krish/gym-collision-avoidance/gym_collision_avoidance/experiments/src/example.py
> git cat-file -s 9d3ac1308cdc6d5c7d86035302e7dcd7378a6e99
> git show :gym_collision_avoidance/envs/Map.py
> git ls-files --stage -- /home/krish/gym-collision-avoidance/gym_collision_avoidance/envs/Map.py
> git cat-file -s cb5d2a88af4812345bf7948de7ff48867dda2069
> git show :gym_collision_avoidance/envs/collision_avoidance_env.py
> git ls-files --stage -- /home/krish/gym-collision-avoidance/gym_collision_avoidance/envs/collision_avoidance_env.py
> git cat-file -s f3e7b579ed8cb9772a7feffe67b67ea632397e28
> git show :gym_collision_avoidance/experiments/src/example.py
> git ls-files --stage -- /home/krish/gym-collision-avoidance/gym_collision_avoidance/experiments/src/example.py
> git cat-file -s 9d3ac1308cdc6d5c7d86035302e7dcd7378a6e99
> git show :gym_collision_avoidance/envs/collision_avoidance_env.py
> git ls-files --stage -- /home/krish/gym-collision-avoidance/gym_collision_avoidance/envs/collision_avoidance_env.py
> git cat-file -s f3e7b579ed8cb9772a7feffe67b67ea632397e28
> git show :gym_collision_avoidance/experiments/src/example.py
> git ls-files --stage -- /home/krish/gym-collision-avoidance/gym_collision_avoidance/experiments/src/example.py
> git cat-file -s 9d3ac1308cdc6d5c7d86035302e7dcd7378a6e99
> git show :gym_collision_avoidance/envs/test_cases.py
> git ls-files --stage -- /home/krish/gym-collision-avoidance/gym_collision_avoidance/envs/test_cases.py
> git cat-file -s b1cc7d95dfbebeb526ebe83ab5f178dddaae4ccf
> git check-ignore -v -z --stdin
> git show :gym_collision_avoidance/envs/agent.py
> git ls-files --stage -- /home/krish/gym-collision-avoidance/gym_collision_avoidance/envs/agent.py
> git cat-file -s 2e4f77f3689a35e443b2bc1c557275c06880f670
> git show :gym_collision_avoidance/envs/policies/LearningPolicy.py
> git ls-files --stage -- /home/krish/gym-collision-avoidance/gym_collision_avoidance/envs/policies/LearningPolicy.py
> git cat-file -s 2f8679bd91d21aa8e2af5cab059e7f1d303c98f8
> git check-ignore -v -z --stdin
> git show :gym_collision_avoidance/envs/policies/ExternalPolicy.py
> git ls-files --stage -- /home/krish/gym-collision-avoidance/gym_collision_avoidance/envs/policies/ExternalPolicy.py
> git cat-file -s f8d9deb04fc8c6ccfa574ecfb022b996d0af7499
> git check-ignore -v -z --stdin
> git show :gym_collision_avoidance/envs/policies/Policy.py
> git ls-files --stage -- /home/krish/gym-collision-avoidance/gym_collision_avoidance/envs/policies/Policy.py
> git cat-file -s c4fc484bf4029c2957cf9ec9d4640ef5d4f115aa
> git check-ignore -v -z --stdin
> git show :gym_collision_avoidance/envs/policies/ExternalPolicy.py
> git ls-files --stage -- /home/krish/gym-collision-avoidance/gym_collision_avoidance/envs/policies/ExternalPolicy.py
> git cat-file -s f8d9deb04fc8c6ccfa574ecfb022b996d0af7499
> git show :gym_collision_avoidance/envs/policies/LearningPolicy.py
> git ls-files --stage -- /home/krish/gym-collision-avoidance/gym_collision_avoidance/envs/policies/LearningPolicy.py
> git cat-file -s 2f8679bd91d21aa8e2af5cab059e7f1d303c98f8
> git show :gym_collision_avoidance/envs/agent.py
> git ls-files --stage -- /home/krish/gym-collision-avoidance/gym_collision_avoidance/envs/agent.py
> git cat-file -s 2e4f77f3689a35e443b2bc1c557275c06880f670
> git show :gym_collision_avoidance/envs/dynamics/UnicycleDynamics.py
> git ls-files --stage -- /home/krish/gym-collision-avoidance/gym_collision_avoidance/envs/dynamics/UnicycleDynamics.py
> git cat-file -s f38cd00a935921ee10893894840f9b1285747097
> git check-ignore -v -z --stdin
> git show :gym_collision_avoidance/envs/dynamics/Dynamics.py
> git ls-files --stage -- /home/krish/gym-collision-avoidance/gym_collision_avoidance/envs/dynamics/Dynamics.py
> git cat-file -s 178665981e9b641712bda396b2aae0b86e40e82d
> git check-ignore -v -z --stdin
> git show :gym_collision_avoidance/envs/dynamics/UnicycleDynamics.py
> git ls-files --stage -- /home/krish/gym-collision-avoidance/gym_collision_avoidance/envs/dynamics/UnicycleDynamics.py
> git cat-file -s f38cd00a935921ee10893894840f9b1285747097
> git show :gym_collision_avoidance/envs/agent.py
> git ls-files --stage -- /home/krish/gym-collision-avoidance/gym_collision_avoidance/envs/agent.py
> git cat-file -s 2e4f77f3689a35e443b2bc1c557275c06880f670
> git show :gym_collision_avoidance/envs/sensors/OtherAgentsStatesSensor.py
> git ls-files --stage -- /home/krish/gym-collision-avoidance/gym_collision_avoidance/envs/sensors/OtherAgentsStatesSensor.py
> git cat-file -s 92088c826fae77f7151af35e7510e42aa51adb81
> git check-ignore -v -z --stdin
> git show :gym_collision_avoidance/envs/sensors/Sensor.py
> git ls-files --stage -- /home/krish/gym-collision-avoidance/gym_collision_avoidance/envs/sensors/Sensor.py
> git cat-file -s cdbbbbc1c1453c9b9332ab40c8483ae91ab23b15
> git check-ignore -v -z --stdin
> git show :gym_collision_avoidance/envs/sensors/OtherAgentsStatesSensor.py
> git ls-files --stage -- /home/krish/gym-collision-avoidance/gym_collision_avoidance/envs/sensors/OtherAgentsStatesSensor.py
> git cat-file -s 92088c826fae77f7151af35e7510e42aa51adb81
> git show :gym_collision_avoidance/envs/agent.py
> git ls-files --stage -- /home/krish/gym-collision-avoidance/gym_collision_avoidance/envs/agent.py
> git cat-file -s 2e4f77f3689a35e443b2bc1c557275c06880f670
> git show :gym_collision_avoidance/envs/dynamics/Dynamics.py
> git ls-files --stage -- /home/krish/gym-collision-avoidance/gym_collision_avoidance/envs/dynamics/Dynamics.py
> git cat-file -s 178665981e9b641712bda396b2aae0b86e40e82d
> git show :gym_collision_avoidance/envs/agent.py
> git ls-files --stage -- /home/krish/gym-collision-avoidance/gym_collision_avoidance/envs/agent.py
> git cat-file -s 2e4f77f3689a35e443b2bc1c557275c06880f670
> git show :gym_collision_avoidance/envs/dynamics/Dynamics.py
> git ls-files --stage -- /home/krish/gym-collision-avoidance/gym_collision_avoidance/envs/dynamics/Dynamics.py
> git cat-file -s 178665981e9b641712bda396b2aae0b86e40e82d
> git show :gym_collision_avoidance/envs/util.py
> git ls-files --stage -- /home/krish/gym-collision-avoidance/gym_collision_avoidance/envs/util.py
> git cat-file -s c637bec94bf3ea21de8ab779edada99b07fb82c0
> git check-ignore -v -z --stdin
> git show :gym_collision_avoidance/envs/dynamics/Dynamics.py
> git ls-files --stage -- /home/krish/gym-collision-avoidance/gym_collision_avoidance/envs/dynamics/Dynamics.py
> git cat-file -s 178665981e9b641712bda396b2aae0b86e40e82d
> git show :gym_collision_avoidance/envs/agent.py
> git ls-files --stage -- /home/krish/gym-collision-avoidance/gym_collision_avoidance/envs/agent.py
> git cat-file -s 2e4f77f3689a35e443b2bc1c557275c06880f670
> git show :gym_collision_avoidance/envs/test_cases.py
> git ls-files --stage -- /home/krish/gym-collision-avoidance/gym_collision_avoidance/envs/test_cases.py
> git cat-file -s b1cc7d95dfbebeb526ebe83ab5f178dddaae4ccf
> git show :gym_collision_avoidance/envs/agent.py
> git ls-files --stage -- /home/krish/gym-collision-avoidance/gym_collision_avoidance/envs/agent.py
> git cat-file -s 2e4f77f3689a35e443b2bc1c557275c06880f670
> git show :gym_collision_avoidance/envs/policies/GA3CCADRLPolicy.py
> git ls-files --stage -- /home/krish/gym-collision-avoidance/gym_collision_avoidance/envs/policies/GA3CCADRLPolicy.py
> git cat-file -s 4a65ee9fe9d8ce5da917d72c4ac9cfc9e6b0c8ec
> git check-ignore -v -z --stdin
> git show :gym_collision_avoidance/envs/policies/GA3C_CADRL/network.py
> git ls-files --stage -- /home/krish/gym-collision-avoidance/gym_collision_avoidance/envs/policies/GA3C_CADRL/network.py
> git cat-file -s c502af7595294f6582f0fefa185d56428581c625
> git check-ignore -v -z --stdin
> git show :gym_collision_avoidance/envs/policies/GA3C_CADRL/network.py
> git ls-files --stage -- /home/krish/gym-collision-avoidance/gym_collision_avoidance/envs/policies/GA3C_CADRL/network.py
> git cat-file -s c502af7595294f6582f0fefa185d56428581c625
> git show :gym_collision_avoidance/envs/dynamics/Dynamics.py
> git ls-files --stage -- /home/krish/gym-collision-avoidance/gym_collision_avoidance/envs/dynamics/Dynamics.py
> git cat-file -s 178665981e9b641712bda396b2aae0b86e40e82d
> git show :gym_collision_avoidance/envs/dynamics/UnicycleDynamics.py
> git ls-files --stage -- /home/krish/gym-collision-avoidance/gym_collision_avoidance/envs/dynamics/UnicycleDynamics.py
> git cat-file -s f38cd00a935921ee10893894840f9b1285747097
> git show :gym_collision_avoidance/envs/agent.py
> git ls-files --stage -- /home/krish/gym-collision-avoidance/gym_collision_avoidance/envs/agent.py
> git cat-file -s 2e4f77f3689a35e443b2bc1c557275c06880f670
> git show :gym_collision_avoidance/envs/sensors/OtherAgentsStatesSensor.py
> git ls-files --stage -- /home/krish/gym-collision-avoidance/gym_collision_avoidance/envs/sensors/OtherAgentsStatesSensor.py
> git cat-file -s 92088c826fae77f7151af35e7510e42aa51adb81
> git show :gym_collision_avoidance/envs/sensors/Sensor.py
> git ls-files --stage -- /home/krish/gym-collision-avoidance/gym_collision_avoidance/envs/sensors/Sensor.py
> git cat-file -s cdbbbbc1c1453c9b9332ab40c8483ae91ab23b15
> git show :gym_collision_avoidance/envs/sensors/OtherAgentsStatesSensor.py
> git ls-files --stage -- /home/krish/gym-collision-avoidance/gym_collision_avoidance/envs/sensors/OtherAgentsStatesSensor.py
> git cat-file -s 92088c826fae77f7151af35e7510e42aa51adb81
> git show :gym_collision_avoidance/envs/agent.py
> git ls-files --stage -- /home/krish/gym-collision-avoidance/gym_collision_avoidance/envs/agent.py
> git cat-file -s 2e4f77f3689a35e443b2bc1c557275c06880f670
> git show :gym_collision_avoidance/envs/agent.py
> git ls-files --stage -- /home/krish/gym-collision-avoidance/gym_collision_avoidance/envs/agent.py
> git cat-file -s 2e4f77f3689a35e443b2bc1c557275c06880f670
> git show :gym_collision_avoidance/envs/util.py
> git ls-files --stage -- /home/krish/gym-collision-avoidance/gym_collision_avoidance/envs/util.py
> git cat-file -s c637bec94bf3ea21de8ab779edada99b07fb82c0
> git show :gym_collision_avoidance/envs/agent.py
> git ls-files --stage -- /home/krish/gym-collision-avoidance/gym_collision_avoidance/envs/agent.py
> git cat-file -s 2e4f77f3689a35e443b2bc1c557275c06880f670
> git show :gym_collision_avoidance/envs/test_cases.py
> git ls-files --stage -- /home/krish/gym-collision-avoidance/gym_collision_avoidance/envs/test_cases.py
> git cat-file -s b1cc7d95dfbebeb526ebe83ab5f178dddaae4ccf
> git show :gym_collision_avoidance/experiments/src/example.py
> git ls-files --stage -- /home/krish/gym-collision-avoidance/gym_collision_avoidance/experiments/src/example.py
> git cat-file -s 9d3ac1308cdc6d5c7d86035302e7dcd7378a6e99
> git check-ignore -v -z --stdin
> git check-ignore -v -z --stdin
> git check-ignore -v -z --stdin
> git check-ignore -v -z --stdin
> git check-ignore -v -z --stdin
> git check-ignore -v -z --stdin
> git log --format=%H%n%aN%n%aE%n%at%n%ct%n%P%n%B -z -n21 -- /home/krish/gym-collision-avoidance/gym_collision_avoidance/envs/policies/GA3C_CADRL/checkpoints/IROS18/network_01900000.index
> git log --format=%H%n%aN%n%aE%n%at%n%ct%n%P%n%B -z -n21 -- /home/krish/gym-collision-avoidance/gym_collision_avoidance/envs/policies/GA3C_CADRL/checkpoints/IROS18/network_01900000.meta
> git show :gym_collision_avoidance/experiments/src/example.py
> git ls-files --stage -- /home/krish/gym-collision-avoidance/gym_collision_avoidance/experiments/src/example.py
> git cat-file -s 9d3ac1308cdc6d5c7d86035302e7dcd7378a6e99
> git show :gym_collision_avoidance/envs/collision_avoidance_env.py
> git ls-files --stage -- /home/krish/gym-collision-avoidance/gym_collision_avoidance/envs/collision_avoidance_env.py
> git cat-file -s f3e7b579ed8cb9772a7feffe67b67ea632397e28
> git show :gym_collision_avoidance/envs/Map.py
> git ls-files --stage -- /home/krish/gym-collision-avoidance/gym_collision_avoidance/envs/Map.py
> git cat-file -s cb5d2a88af4812345bf7948de7ff48867dda2069
> git show :gym_collision_avoidance/envs/visualize.py
> git ls-files --stage -- /home/krish/gym-collision-avoidance/gym_collision_avoidance/envs/visualize.py
> git cat-file -s 15daa64ff975f9691eaaab7a6b2d6758cafd815a
> git show :gym_collision_avoidance/envs/Map.py
> git ls-files --stage -- /home/krish/gym-collision-avoidance/gym_collision_avoidance/envs/Map.py
> git cat-file -s cb5d2a88af4812345bf7948de7ff48867dda2069
> git show :gym_collision_avoidance/envs/collision_avoidance_env.py
> git ls-files --stage -- /home/krish/gym-collision-avoidance/gym_collision_avoidance/envs/collision_avoidance_env.py
> git cat-file -s f3e7b579ed8cb9772a7feffe67b67ea632397e28
> git show :gym_collision_avoidance/experiments/src/example.py
> git ls-files --stage -- /home/krish/gym-collision-avoidance/gym_collision_avoidance/experiments/src/example.py
> git cat-file -s 9d3ac1308cdc6d5c7d86035302e7dcd7378a6e99
> git show :gym_collision_avoidance/envs/policies/GA3C_CADRL/network.py
> git ls-files --stage -- /home/krish/gym-collision-avoidance/gym_collision_avoidance/envs/policies/GA3C_CADRL/network.py
> git cat-file -s c502af7595294f6582f0fefa185d56428581c625
> git show :gym_collision_avoidance/experiments/src/example.py
> git ls-files --stage -- /home/krish/gym-collision-avoidance/gym_collision_avoidance/experiments/src/example.py
> git cat-file -s 9d3ac1308cdc6d5c7d86035302e7dcd7378a6e99
> git show :gym_collision_avoidance/envs/collision_avoidance_env.py
> git ls-files --stage -- /home/krish/gym-collision-avoidance/gym_collision_avoidance/envs/collision_avoidance_env.py
> git cat-file -s f3e7b579ed8cb9772a7feffe67b67ea632397e28
> git show :gym_collision_avoidance/experiments/src/example.py
> git ls-files --stage -- /home/krish/gym-collision-avoidance/gym_collision_avoidance/experiments/src/example.py
> git cat-file -s 9d3ac1308cdc6d5c7d86035302e7dcd7378a6e99
> git show :gym_collision_avoidance/envs/collision_avoidance_env.py
> git ls-files --stage -- /home/krish/gym-collision-avoidance/gym_collision_avoidance/envs/collision_avoidance_env.py
> git cat-file -s f3e7b579ed8cb9772a7feffe67b67ea632397e28
> git show :gym_collision_avoidance/envs/visualize.py
> git ls-files --stage -- /home/krish/gym-collision-avoidance/gym_collision_avoidance/envs/visualize.py
> git cat-file -s 15daa64ff975f9691eaaab7a6b2d6758cafd815a
> git show :gym_collision_avoidance/envs/collision_avoidance_env.py
> git ls-files --stage -- /home/krish/gym-collision-avoidance/gym_collision_avoidance/envs/collision_avoidance_env.py
> git cat-file -s f3e7b579ed8cb9772a7feffe67b67ea632397e28
> git show :gym_collision_avoidance/experiments/src/example.py
> git ls-files --stage -- /home/krish/gym-collision-avoidance/gym_collision_avoidance/experiments/src/example.py
> git cat-file -s 9d3ac1308cdc6d5c7d86035302e7dcd7378a6e99
> git show :gym_collision_avoidance/experiments/src/run_cadrl_formations.py
> git ls-files --stage -- /home/krish/gym-collision-avoidance/gym_collision_avoidance/experiments/src/run_cadrl_formations.py
> git cat-file -s 38d9c6a4417dcf35c14991300e1d85c6dbdd729d
> git show :gym_collision_avoidance/experiments/src/run_full_test_suite.py
> git ls-files --stage -- /home/krish/gym-collision-avoidance/gym_collision_avoidance/experiments/src/run_full_test_suite.py
> git cat-file -s b76bf1c44de044bcb54731da36fe0480ee755c48
> git show :gym_collision_avoidance/experiments/src/run_cadrl_formations.py
> git ls-files --stage -- /home/krish/gym-collision-avoidance/gym_collision_avoidance/experiments/src/run_cadrl_formations.py
> git cat-file -s 38d9c6a4417dcf35c14991300e1d85c6dbdd729d
> git show :gym_collision_avoidance/envs/collision_avoidance_env.py
> git ls-files --stage -- /home/krish/gym-collision-avoidance/gym_collision_avoidance/envs/collision_avoidance_env.py
> git cat-file -s f3e7b579ed8cb9772a7feffe67b67ea632397e28
> git show :gym_collision_avoidance/experiments/src/run_cadrl_formations.py
> git ls-files --stage -- /home/krish/gym-collision-avoidance/gym_collision_avoidance/experiments/src/run_cadrl_formations.py
> git cat-file -s 38d9c6a4417dcf35c14991300e1d85c6dbdd729d
> git show :gym_collision_avoidance/envs/visualize.py
> git ls-files --stage -- /home/krish/gym-collision-avoidance/gym_collision_avoidance/envs/visualize.py
> git cat-file -s 15daa64ff975f9691eaaab7a6b2d6758cafd815a
> git show :gym_collision_avoidance/experiments/src/run_cadrl_formations.py
> git ls-files --stage -- /home/krish/gym-collision-avoidance/gym_collision_avoidance/experiments/src/run_cadrl_formations.py
> git cat-file -s 38d9c6a4417dcf35c14991300e1d85c6dbdd729d
> git show :gym_collision_avoidance/experiments/src/process_full_test_suite_pickles.py
> git ls-files --stage -- /home/krish/gym-collision-avoidance/gym_collision_avoidance/experiments/src/process_full_test_suite_pickles.py
> git cat-file -s ac7fe67a4e72e39ea16654735ca3308d796e92bc
> git show :gym_collision_avoidance/experiments/src/run_trajectory_dataset_creator.py
> git ls-files --stage -- /home/krish/gym-collision-avoidance/gym_collision_avoidance/experiments/src/run_trajectory_dataset_creator.py
> git cat-file -s ad04ec1390e7adebbfea2f7f20f6949e68d64a7c
> git show :gym_collision_avoidance/envs/test_cases.py
> git ls-files --stage -- /home/krish/gym-collision-avoidance/gym_collision_avoidance/envs/test_cases.py
> git cat-file -s b1cc7d95dfbebeb526ebe83ab5f178dddaae4ccf
> git show :gym_collision_avoidance/experiments/src/run_trajectory_dataset_creator.py
> git ls-files --stage -- /home/krish/gym-collision-avoidance/gym_collision_avoidance/experiments/src/run_trajectory_dataset_creator.py
> git cat-file -s ad04ec1390e7adebbfea2f7f20f6949e68d64a7c
> git show :gym_collision_avoidance/envs/test_cases.py
> git ls-files --stage -- /home/krish/gym-collision-avoidance/gym_collision_avoidance/envs/test_cases.py
> git cat-file -s b1cc7d95dfbebeb526ebe83ab5f178dddaae4ccf
> git show :gym_collision_avoidance/experiments/src/run_trajectory_dataset_creator.py
> git ls-files --stage -- /home/krish/gym-collision-avoidance/gym_collision_avoidance/experiments/src/run_trajectory_dataset_creator.py
> git cat-file -s ad04ec1390e7adebbfea2f7f20f6949e68d64a7c
> git show :gym_collision_avoidance/envs/test_cases.py
> git ls-files --stage -- /home/krish/gym-collision-avoidance/gym_collision_avoidance/envs/test_cases.py
> git cat-file -s b1cc7d95dfbebeb526ebe83ab5f178dddaae4ccf
> git show :gym_collision_avoidance/experiments/src/run_trajectory_dataset_creator.py
> git ls-files --stage -- /home/krish/gym-collision-avoidance/gym_collision_avoidance/experiments/src/run_trajectory_dataset_creator.py
> git cat-file -s ad04ec1390e7adebbfea2f7f20f6949e68d64a7c
> git show :gym_collision_avoidance/envs/collision_avoidance_env.py
> git ls-files --stage -- /home/krish/gym-collision-avoidance/gym_collision_avoidance/envs/collision_avoidance_env.py
> git cat-file -s f3e7b579ed8cb9772a7feffe67b67ea632397e28
> git show :gym_collision_avoidance/experiments/src/env_utils.py
> git ls-files --stage -- /home/krish/gym-collision-avoidance/gym_collision_avoidance/experiments/src/env_utils.py
> git cat-file -s 7a629b05cdbc592c8e30a26a4223846242c4ccdf
> git show :gym_collision_avoidance/envs/wrappers.py
> git ls-files --stage -- /home/krish/gym-collision-avoidance/gym_collision_avoidance/envs/wrappers.py
> git cat-file -s 34fae400a66aa2e35db84b97fbe64d3196031894
> git show :gym_collision_avoidance/experiments/src/env_utils.py
> git ls-files --stage -- /home/krish/gym-collision-avoidance/gym_collision_avoidance/experiments/src/env_utils.py
> git cat-file -s 7a629b05cdbc592c8e30a26a4223846242c4ccdf
> git show :gym_collision_avoidance/experiments/src/run_trajectory_dataset_creator.py
> git ls-files --stage -- /home/krish/gym-collision-avoidance/gym_collision_avoidance/experiments/src/run_trajectory_dataset_creator.py
> git cat-file -s ad04ec1390e7adebbfea2f7f20f6949e68d64a7c
> git show :gym_collision_avoidance/envs/test_cases.py
> git ls-files --stage -- /home/krish/gym-collision-avoidance/gym_collision_avoidance/envs/test_cases.py
> git cat-file -s b1cc7d95dfbebeb526ebe83ab5f178dddaae4ccf
> git show :gym_collision_avoidance/experiments/src/run_trajectory_dataset_creator.py
> git ls-files --stage -- /home/krish/gym-collision-avoidance/gym_collision_avoidance/experiments/src/run_trajectory_dataset_creator.py
> git cat-file -s ad04ec1390e7adebbfea2f7f20f6949e68d64a7c
> git show :gym_collision_avoidance/envs/test_cases.py
> git ls-files --stage -- /home/krish/gym-collision-avoidance/gym_collision_avoidance/envs/test_cases.py
> git cat-file -s b1cc7d95dfbebeb526ebe83ab5f178dddaae4ccf
> git show :gym_collision_avoidance/experiments/src/run_trajectory_dataset_creator.py
> git ls-files --stage -- /home/krish/gym-collision-avoidance/gym_collision_avoidance/experiments/src/run_trajectory_dataset_creator.py
> git cat-file -s ad04ec1390e7adebbfea2f7f20f6949e68d64a7c
> git show :gym_collision_avoidance/envs/test_cases.py
> git ls-files --stage -- /home/krish/gym-collision-avoidance/gym_collision_avoidance/envs/test_cases.py
> git cat-file -s b1cc7d95dfbebeb526ebe83ab5f178dddaae4ccf
> git show :gym_collision_avoidance/envs/policies/CADRL/scripts/multi/gen_rand_testcases.py
> git ls-files --stage -- /home/krish/gym-collision-avoidance/gym_collision_avoidance/envs/policies/CADRL/scripts/multi/gen_rand_testcases.py
> git cat-file -s 56f079a564f6ff1a517d5a109a9a663cf73655c7
> git check-ignore -v -z --stdin
> git show :gym_collision_avoidance/experiments/src/run_trajectory_dataset_creator.py
> git ls-files --stage -- /home/krish/gym-collision-avoidance/gym_collision_avoidance/experiments/src/run_trajectory_dataset_creator.py
> git cat-file -s ad04ec1390e7adebbfea2f7f20f6949e68d64a7c
> git show :gym_collision_avoidance/envs/collision_avoidance_env.py
> git ls-files --stage -- /home/krish/gym-collision-avoidance/gym_collision_avoidance/envs/collision_avoidance_env.py
> git cat-file -s f3e7b579ed8cb9772a7feffe67b67ea632397e28
> git show :gym_collision_avoidance/experiments/src/run_trajectory_dataset_creator.py
> git ls-files --stage -- /home/krish/gym-collision-avoidance/gym_collision_avoidance/experiments/src/run_trajectory_dataset_creator.py
> git cat-file -s ad04ec1390e7adebbfea2f7f20f6949e68d64a7c
> git show :gym_collision_avoidance/envs/collision_avoidance_env.py
> git ls-files --stage -- /home/krish/gym-collision-avoidance/gym_collision_avoidance/envs/collision_avoidance_env.py
> git cat-file -s f3e7b579ed8cb9772a7feffe67b67ea632397e28
> git show :gym_collision_avoidance/experiments/src/run_trajectory_dataset_creator.py
> git ls-files --stage -- /home/krish/gym-collision-avoidance/gym_collision_avoidance/experiments/src/run_trajectory_dataset_creator.py
> git cat-file -s ad04ec1390e7adebbfea2f7f20f6949e68d64a7c
> git show :gym_collision_avoidance/experiments/src/env_utils.py
> git ls-files --stage -- /home/krish/gym-collision-avoidance/gym_collision_avoidance/experiments/src/env_utils.py
> git cat-file -s 7a629b05cdbc592c8e30a26a4223846242c4ccdf
> git show :gym_collision_avoidance/envs/collision_avoidance_env.py
> git ls-files --stage -- /home/krish/gym-collision-avoidance/gym_collision_avoidance/envs/collision_avoidance_env.py
> git cat-file -s f3e7b579ed8cb9772a7feffe67b67ea632397e28
> git show :gym_collision_avoidance/experiments/src/run_trajectory_dataset_creator.py
> git ls-files --stage -- /home/krish/gym-collision-avoidance/gym_collision_avoidance/experiments/src/run_trajectory_dataset_creator.py
> git cat-file -s ad04ec1390e7adebbfea2f7f20f6949e68d64a7c
> git show :gym_collision_avoidance/envs/test_cases.py
> git ls-files --stage -- /home/krish/gym-collision-avoidance/gym_collision_avoidance/envs/test_cases.py
> git cat-file -s b1cc7d95dfbebeb526ebe83ab5f178dddaae4ccf
> git show :gym_collision_avoidance/experiments/src/run_trajectory_dataset_creator.py
> git ls-files --stage -- /home/krish/gym-collision-avoidance/gym_collision_avoidance/experiments/src/run_trajectory_dataset_creator.py
> git cat-file -s ad04ec1390e7adebbfea2f7f20f6949e68d64a7c
> git show :gym_collision_avoidance/envs/test_cases.py
> git ls-files --stage -- /home/krish/gym-collision-avoidance/gym_collision_avoidance/envs/test_cases.py
> git cat-file -s b1cc7d95dfbebeb526ebe83ab5f178dddaae4ccf
> git show :gym_collision_avoidance/experiments/src/run_trajectory_dataset_creator.py
> git ls-files --stage -- /home/krish/gym-collision-avoidance/gym_collision_avoidance/experiments/src/run_trajectory_dataset_creator.py
> git cat-file -s ad04ec1390e7adebbfea2f7f20f6949e68d64a7c
> git show :gym_collision_avoidance/envs/test_cases.py
> git ls-files --stage -- /home/krish/gym-collision-avoidance/gym_collision_avoidance/envs/test_cases.py
> git cat-file -s b1cc7d95dfbebeb526ebe83ab5f178dddaae4ccf
> git show :gym_collision_avoidance/experiments/src/run_trajectory_dataset_creator.py
> git ls-files --stage -- /home/krish/gym-collision-avoidance/gym_collision_avoidance/experiments/src/run_trajectory_dataset_creator.py
> git cat-file -s ad04ec1390e7adebbfea2f7f20f6949e68d64a7c
> git show :gym_collision_avoidance/envs/test_cases.py
> git ls-files --stage -- /home/krish/gym-collision-avoidance/gym_collision_avoidance/envs/test_cases.py
> git cat-file -s b1cc7d95dfbebeb526ebe83ab5f178dddaae4ccf
> git show :gym_collision_avoidance/experiments/src/run_trajectory_dataset_creator.py
> git ls-files --stage -- /home/krish/gym-collision-avoidance/gym_collision_avoidance/experiments/src/run_trajectory_dataset_creator.py
> git cat-file -s ad04ec1390e7adebbfea2f7f20f6949e68d64a7c
> git show :gym_collision_avoidance/envs/test_cases.py
> git ls-files --stage -- /home/krish/gym-collision-avoidance/gym_collision_avoidance/envs/test_cases.py
> git cat-file -s b1cc7d95dfbebeb526ebe83ab5f178dddaae4ccf
> git show :gym_collision_avoidance/experiments/src/run_trajectory_dataset_creator.py
> git ls-files --stage -- /home/krish/gym-collision-avoidance/gym_collision_avoidance/experiments/src/run_trajectory_dataset_creator.py
> git cat-file -s ad04ec1390e7adebbfea2f7f20f6949e68d64a7c
> git show :gym_collision_avoidance/envs/test_cases.py
> git ls-files --stage -- /home/krish/gym-collision-avoidance/gym_collision_avoidance/envs/test_cases.py
> git cat-file -s b1cc7d95dfbebeb526ebe83ab5f178dddaae4ccf
> git show :gym_collision_avoidance/experiments/src/run_trajectory_dataset_creator.py
> git ls-files --stage -- /home/krish/gym-collision-avoidance/gym_collision_avoidance/experiments/src/run_trajectory_dataset_creator.py
> git cat-file -s ad04ec1390e7adebbfea2f7f20f6949e68d64a7c
