Looking for git in: git
Using git 2.17.1 from git
> git rev-parse --show-toplevel
> git rev-parse --git-dir
Open repository: /home/krish/gym-collision-avoidance
> git status -z -u
> git symbolic-ref --short HEAD
> git rev-parse release
> git rev-parse --symbolic-full-name release@{u}
> git rev-list --left-right release...refs/remotes/origin/release
> git for-each-ref --format %(refname) %(objectname) --sort -committerdate
> git remote --verbose
Failed to watch ref '/home/krish/gym-collision-avoidance/.git/refs/remotes/origin/release', is most likely packed.
Error: ENOENT: no such file or directory, watch '/home/krish/gym-collision-avoidance/.git/refs/remotes/origin/release'
	at FSWatcher.start (internal/fs/watchers.js:165:26)
	at Object.watch (fs.js:1270:11)
	at Object.t.watch (/snap/code/33/usr/share/code/resources/app/extensions/git/dist/main.js:1:604919)
	at T.updateTransientWatchers (/snap/code/33/usr/share/code/resources/app/extensions/git/dist/main.js:1:83965)
	at e.fire (/snap/code/33/usr/share/code/resources/app/out/vs/workbench/services/extensions/node/extensionHostProcess.js:46:87)
	at e.updateModelState (/snap/code/33/usr/share/code/resources/app/extensions/git/dist/main.js:1:103179)
> git config --get commit.template
> git check-ignore -v -z --stdin
> git show :gym_collision_avoidance/envs/policies/GA3C_CADRL/network.py
> git ls-files --stage -- /home/krish/gym-collision-avoidance/gym_collision_avoidance/envs/policies/GA3C_CADRL/network.py
> git cat-file -s c502af7595294f6582f0fefa185d56428581c625
> git rev-parse --show-toplevel
> git rev-parse --git-dir
Open repository: /home/krish/gym-collision-avoidance/gym_collision_avoidance/envs/policies/Python-RVO2
> git status -z -u
> git symbolic-ref --short HEAD
fatal: ref HEAD is not a symbolic ref
> git rev-parse HEAD
> git for-each-ref --format %(refname) %(objectname) --sort -committerdate
> git remote --verbose
> git config --get commit.template
> git rev-parse --show-toplevel
> git rev-parse --git-dir
Open repository: /home/krish/gym-collision-avoidance/gym_collision_avoidance/envs/policies/DRL_Long
> git status -z -u
> git symbolic-ref --short HEAD
fatal: ref HEAD is not a symbolic ref
> git rev-parse HEAD
> git for-each-ref --format %(refname) %(objectname) --sort -committerdate
> git remote --verbose
> git config --get commit.template
> git check-ignore -v -z --stdin
> git check-ignore -v -z --stdin
> git check-ignore -v -z --stdin
> git config --global user.email
> git config --global user.name
> git check-ignore -v -z --stdin
> git check-ignore -v -z --stdin
> git check-ignore -v -z --stdin
> git check-ignore -v -z --stdin
> git check-ignore -v -z --stdin
> git check-ignore -v -z --stdin
> git check-ignore -v -z --stdin
> git check-ignore -v -z --stdin
> git show :gym_collision_avoidance/experiments/src/example.py
> git ls-files --stage -- /home/krish/gym-collision-avoidance/gym_collision_avoidance/experiments/src/example.py
> git cat-file -s 9d3ac1308cdc6d5c7d86035302e7dcd7378a6e99
> git show :gym_collision_avoidance/experiments/src/example.py
> git ls-files --stage -- /home/krish/gym-collision-avoidance/gym_collision_avoidance/experiments/src/example.py
> git cat-file -s 9d3ac1308cdc6d5c7d86035302e7dcd7378a6e99
> git show :gym_collision_avoidance/experiments/src/krish-example
> git ls-files --stage -- /home/krish/gym-collision-avoidance/gym_collision_avoidance/experiments/src/krish-example
> git check-ignore -v -z --stdin
> git show :gym_collision_avoidance/experiments/src/krish-example.py
> git ls-files --stage -- /home/krish/gym-collision-avoidance/gym_collision_avoidance/experiments/src/krish-example.py
> git check-ignore -v -z --stdin
> git log --format=%H%n%aN%n%aE%n%at%n%ct%n%P%n%B -z -n21 -- /home/krish/gym-collision-avoidance/gym_collision_avoidance/experiments/src/krish-example.py
> git show :gym_collision_avoidance/experiments/src/krish-example.py
> git ls-files --stage -- /home/krish/gym-collision-avoidance/gym_collision_avoidance/experiments/src/krish-example.py
> git show :gym_collision_avoidance/envs/test_cases.py
> git ls-files --stage -- /home/krish/gym-collision-avoidance/gym_collision_avoidance/envs/test_cases.py
> git cat-file -s b1cc7d95dfbebeb526ebe83ab5f178dddaae4ccf
> git show :gym_collision_avoidance/envs/policies/GA3C_CADRL/network.py
> git ls-files --stage -- /home/krish/gym-collision-avoidance/gym_collision_avoidance/envs/policies/GA3C_CADRL/network.py
> git cat-file -s c502af7595294f6582f0fefa185d56428581c625
> git check-ignore -v -z --stdin
> git show :gym_collision_avoidance/experiments/src/run_cadrl_formations.py
> git ls-files --stage -- /home/krish/gym-collision-avoidance/gym_collision_avoidance/experiments/src/run_cadrl_formations.py
> git cat-file -s 38d9c6a4417dcf35c14991300e1d85c6dbdd729d
> git show :gym_collision_avoidance/experiments/src/example.py
> git ls-files --stage -- /home/krish/gym-collision-avoidance/gym_collision_avoidance/experiments/src/example.py
> git cat-file -s 9d3ac1308cdc6d5c7d86035302e7dcd7378a6e99
> git show :example.sh
> git ls-files --stage -- /home/krish/gym-collision-avoidance/example.sh
> git cat-file -s 0a63c8c76495194db522dc5bbe237eaf4368c6eb
> git show :gym_collision_avoidance/experiments/src/example.py
> git ls-files --stage -- /home/krish/gym-collision-avoidance/gym_collision_avoidance/experiments/src/example.py
> git cat-file -s 9d3ac1308cdc6d5c7d86035302e7dcd7378a6e99
> git show :gym_collision_avoidance/experiments/src/krish-example.py
> git ls-files --stage -- /home/krish/gym-collision-avoidance/gym_collision_avoidance/experiments/src/krish-example.py
> git show :gym_collision_avoidance/experiments/src/example.py
> git ls-files --stage -- /home/krish/gym-collision-avoidance/gym_collision_avoidance/experiments/src/example.py
> git cat-file -s 9d3ac1308cdc6d5c7d86035302e7dcd7378a6e99
> git show :gym_collision_avoidance/envs/test_cases.py
> git ls-files --stage -- /home/krish/gym-collision-avoidance/gym_collision_avoidance/envs/test_cases.py
> git cat-file -s b1cc7d95dfbebeb526ebe83ab5f178dddaae4ccf
> git show :gym_collision_avoidance/experiments/src/example.py
> git ls-files --stage -- /home/krish/gym-collision-avoidance/gym_collision_avoidance/experiments/src/example.py
> git cat-file -s 9d3ac1308cdc6d5c7d86035302e7dcd7378a6e99
> git show :gym_collision_avoidance/experiments/src/run_cadrl_formations.py
> git ls-files --stage -- /home/krish/gym-collision-avoidance/gym_collision_avoidance/experiments/src/run_cadrl_formations.py
> git cat-file -s 38d9c6a4417dcf35c14991300e1d85c6dbdd729d
> git show :example.sh
> git ls-files --stage -- /home/krish/gym-collision-avoidance/example.sh
> git cat-file -s 0a63c8c76495194db522dc5bbe237eaf4368c6eb
> git show :gym_collision_avoidance/experiments/utils.sh
> git ls-files --stage -- /home/krish/gym-collision-avoidance/gym_collision_avoidance/experiments/utils.sh
> git cat-file -s 9ffabf3138cdd5003b4e5723f13e66683a6e8244
> git show :example.sh
> git ls-files --stage -- /home/krish/gym-collision-avoidance/example.sh
> git cat-file -s 0a63c8c76495194db522dc5bbe237eaf4368c6eb
> git show :gym_collision_avoidance/experiments/src/run_cadrl_formations.py
> git ls-files --stage -- /home/krish/gym-collision-avoidance/gym_collision_avoidance/experiments/src/run_cadrl_formations.py
> git cat-file -s 38d9c6a4417dcf35c14991300e1d85c6dbdd729d
> git show :gym_collision_avoidance/experiments/src/example.py
> git ls-files --stage -- /home/krish/gym-collision-avoidance/gym_collision_avoidance/experiments/src/example.py
> git cat-file -s 9d3ac1308cdc6d5c7d86035302e7dcd7378a6e99
> git show :gym_collision_avoidance/envs/policies/GA3C_CADRL/network.py
> git ls-files --stage -- /home/krish/gym-collision-avoidance/gym_collision_avoidance/envs/policies/GA3C_CADRL/network.py
> git cat-file -s c502af7595294f6582f0fefa185d56428581c625
