[2020-05-17 14:01:37.073] [renderer1] [error] Error: [File Watcher (chokidar)] Inotify limit reached (ENOSPC)
[2020-05-17 14:01:37.086] [renderer1] [error] [File Watcher (chokidar)] Inotify limit reached (ENOSPC)
[2020-05-17 14:01:38.110] [renderer1] [error] Failed to execute git
[2020-05-17 15:08:35.232] [renderer1] [error] nothing returned from DebugConfigurationProvider.provideDebugConfigurations: Error: nothing returned from DebugConfigurationProvider.provideDebugConfigurations
	at /snap/code/33/usr/share/code/resources/app/out/vs/workbench/services/extensions/node/extensionHostProcess.js:841:567
	at runMicrotasks (<anonymous>)
	at processTicksAndRejections (internal/process/task_queues.js:85:5)
[2020-05-17 20:39:22.917] [renderer1] [error] TreeError [VariablesView] Tree element not found: [object Object]: Error: TreeError [VariablesView] Tree element not found: [object Object]
    at t.ObjectTreeModel.getElementLocation (file:///snap/code/33/usr/share/code/resources/app/out/vs/workbench/workbench.desktop.main.js:114:373)
    at t.ObjectTreeModel.setChildren (file:///snap/code/33/usr/share/code/resources/app/out/vs/workbench/workbench.desktop.main.js:111:184)
    at l.setChildren (file:///snap/code/33/usr/share/code/resources/app/out/vs/workbench/workbench.desktop.main.js:1094:12)
    at e.render (file:///snap/code/33/usr/share/code/resources/app/out/vs/workbench/workbench.desktop.main.js:1110:517)
    at e.refreshAndRenderNode (file:///snap/code/33/usr/share/code/resources/app/out/vs/workbench/workbench.desktop.main.js:1107:322)
[2020-05-17 20:43:09.071] [renderer1] [error] TreeError [MarkersView] Tree element not found: [object Object]: Error: TreeError [MarkersView] Tree element not found: [object Object]
    at t.ObjectTreeModel.getElementLocation (file:///snap/code/33/usr/share/code/resources/app/out/vs/workbench/workbench.desktop.main.js:114:373)
    at t.ObjectTreeModel.isCollapsed (file:///snap/code/33/usr/share/code/resources/app/out/vs/workbench/workbench.desktop.main.js:113:502)
    at e.isCollapsed (file:///snap/code/33/usr/share/code/resources/app/out/vs/workbench/workbench.desktop.main.js:1088:430)
    at e.autoReveal (file:///snap/code/33/usr/share/code/resources/app/out/vs/workbench/workbench.desktop.main.js:6902:15)
    at e.onActiveEditorChanged (file:///snap/code/33/usr/share/code/resources/app/out/vs/workbench/workbench.desktop.main.js:6898:1000)
    at file:///snap/code/33/usr/share/code/resources/app/out/vs/workbench/workbench.desktop.main.js:6897:850
    at file:///snap/code/33/usr/share/code/resources/app/out/vs/workbench/workbench.desktop.main.js:92:219
    at e.fire (file:///snap/code/33/usr/share/code/resources/app/out/vs/workbench/workbench.desktop.main.js:95:801)
    at e.doHandleActiveEditorChangeEvent (file:///snap/code/33/usr/share/code/resources/app/out/vs/workbench/workbench.desktop.main.js:5908:1011)
    at e.handleActiveEditorChange (file:///snap/code/33/usr/share/code/resources/app/out/vs/workbench/workbench.desktop.main.js:5908:809)
    at file:///snap/code/33/usr/share/code/resources/app/out/vs/workbench/workbench.desktop.main.js:5909:104
    at e.fire (file:///snap/code/33/usr/share/code/resources/app/out/vs/workbench/workbench.desktop.main.js:95:801)
    at file:///snap/code/33/usr/share/code/resources/app/out/vs/workbench/workbench.desktop.main.js:6120:679
    at async e.openEditor (file:///snap/code/33/usr/share/code/resources/app/out/vs/workbench/workbench.desktop.main.js:6119:589)
[2020-05-17 20:43:18.397] [renderer1] [error] TreeError [MarkersView] Tree element not found: [object Object]: Error: TreeError [MarkersView] Tree element not found: [object Object]
    at t.ObjectTreeModel.getElementLocation (file:///snap/code/33/usr/share/code/resources/app/out/vs/workbench/workbench.desktop.main.js:114:373)
    at t.ObjectTreeModel.isCollapsed (file:///snap/code/33/usr/share/code/resources/app/out/vs/workbench/workbench.desktop.main.js:113:502)
    at e.isCollapsed (file:///snap/code/33/usr/share/code/resources/app/out/vs/workbench/workbench.desktop.main.js:1088:430)
    at e.autoReveal (file:///snap/code/33/usr/share/code/resources/app/out/vs/workbench/workbench.desktop.main.js:6902:15)
    at e.onActiveEditorChanged (file:///snap/code/33/usr/share/code/resources/app/out/vs/workbench/workbench.desktop.main.js:6898:1000)
    at file:///snap/code/33/usr/share/code/resources/app/out/vs/workbench/workbench.desktop.main.js:6897:850
    at file:///snap/code/33/usr/share/code/resources/app/out/vs/workbench/workbench.desktop.main.js:92:219
    at e.fire (file:///snap/code/33/usr/share/code/resources/app/out/vs/workbench/workbench.desktop.main.js:95:801)
    at e.doHandleActiveEditorChangeEvent (file:///snap/code/33/usr/share/code/resources/app/out/vs/workbench/workbench.desktop.main.js:5908:1011)
    at e.handleActiveEditorChange (file:///snap/code/33/usr/share/code/resources/app/out/vs/workbench/workbench.desktop.main.js:5908:809)
    at file:///snap/code/33/usr/share/code/resources/app/out/vs/workbench/workbench.desktop.main.js:5909:104
    at e.fire (file:///snap/code/33/usr/share/code/resources/app/out/vs/workbench/workbench.desktop.main.js:95:801)
    at file:///snap/code/33/usr/share/code/resources/app/out/vs/workbench/workbench.desktop.main.js:6120:679
    at async e.openEditor (file:///snap/code/33/usr/share/code/resources/app/out/vs/workbench/workbench.desktop.main.js:6119:589)
[2020-05-17 20:43:20.594] [renderer1] [error] TreeError [MarkersView] Tree element not found: [object Object]: Error: TreeError [MarkersView] Tree element not found: [object Object]
    at t.ObjectTreeModel.getElementLocation (file:///snap/code/33/usr/share/code/resources/app/out/vs/workbench/workbench.desktop.main.js:114:373)
    at t.ObjectTreeModel.isCollapsed (file:///snap/code/33/usr/share/code/resources/app/out/vs/workbench/workbench.desktop.main.js:113:502)
    at e.isCollapsed (file:///snap/code/33/usr/share/code/resources/app/out/vs/workbench/workbench.desktop.main.js:1088:430)
    at e.autoReveal (file:///snap/code/33/usr/share/code/resources/app/out/vs/workbench/workbench.desktop.main.js:6902:15)
    at e.onActiveEditorChanged (file:///snap/code/33/usr/share/code/resources/app/out/vs/workbench/workbench.desktop.main.js:6898:1000)
    at file:///snap/code/33/usr/share/code/resources/app/out/vs/workbench/workbench.desktop.main.js:6897:850
    at file:///snap/code/33/usr/share/code/resources/app/out/vs/workbench/workbench.desktop.main.js:92:219
    at e.fire (file:///snap/code/33/usr/share/code/resources/app/out/vs/workbench/workbench.desktop.main.js:95:801)
    at e.doHandleActiveEditorChangeEvent (file:///snap/code/33/usr/share/code/resources/app/out/vs/workbench/workbench.desktop.main.js:5908:1011)
    at e.handleActiveEditorChange (file:///snap/code/33/usr/share/code/resources/app/out/vs/workbench/workbench.desktop.main.js:5908:809)
    at file:///snap/code/33/usr/share/code/resources/app/out/vs/workbench/workbench.desktop.main.js:5909:104
    at e.fire (file:///snap/code/33/usr/share/code/resources/app/out/vs/workbench/workbench.desktop.main.js:95:801)
    at file:///snap/code/33/usr/share/code/resources/app/out/vs/workbench/workbench.desktop.main.js:6120:679
    at async e.openEditor (file:///snap/code/33/usr/share/code/resources/app/out/vs/workbench/workbench.desktop.main.js:6119:589)
[2020-05-17 20:43:30.789] [renderer1] [error] TreeError [MarkersView] Tree element not found: [object Object]: Error: TreeError [MarkersView] Tree element not found: [object Object]
    at t.ObjectTreeModel.getElementLocation (file:///snap/code/33/usr/share/code/resources/app/out/vs/workbench/workbench.desktop.main.js:114:373)
    at t.ObjectTreeModel.isCollapsed (file:///snap/code/33/usr/share/code/resources/app/out/vs/workbench/workbench.desktop.main.js:113:502)
    at e.isCollapsed (file:///snap/code/33/usr/share/code/resources/app/out/vs/workbench/workbench.desktop.main.js:1088:430)
    at e.autoReveal (file:///snap/code/33/usr/share/code/resources/app/out/vs/workbench/workbench.desktop.main.js:6902:15)
    at e.onActiveEditorChanged (file:///snap/code/33/usr/share/code/resources/app/out/vs/workbench/workbench.desktop.main.js:6898:1000)
    at file:///snap/code/33/usr/share/code/resources/app/out/vs/workbench/workbench.desktop.main.js:6897:850
    at file:///snap/code/33/usr/share/code/resources/app/out/vs/workbench/workbench.desktop.main.js:92:219
    at e.fire (file:///snap/code/33/usr/share/code/resources/app/out/vs/workbench/workbench.desktop.main.js:95:801)
    at e.doHandleActiveEditorChangeEvent (file:///snap/code/33/usr/share/code/resources/app/out/vs/workbench/workbench.desktop.main.js:5908:1011)
    at e.handleActiveEditorChange (file:///snap/code/33/usr/share/code/resources/app/out/vs/workbench/workbench.desktop.main.js:5908:809)
    at file:///snap/code/33/usr/share/code/resources/app/out/vs/workbench/workbench.desktop.main.js:5909:104
    at e.fire (file:///snap/code/33/usr/share/code/resources/app/out/vs/workbench/workbench.desktop.main.js:95:801)
    at file:///snap/code/33/usr/share/code/resources/app/out/vs/workbench/workbench.desktop.main.js:6120:679
    at async e.openEditor (file:///snap/code/33/usr/share/code/resources/app/out/vs/workbench/workbench.desktop.main.js:6119:589)
[2020-05-17 20:43:42.066] [renderer1] [error] TreeError [MarkersView] Tree element not found: [object Object]: Error: TreeError [MarkersView] Tree element not found: [object Object]
    at t.ObjectTreeModel.getElementLocation (file:///snap/code/33/usr/share/code/resources/app/out/vs/workbench/workbench.desktop.main.js:114:373)
    at t.ObjectTreeModel.isCollapsed (file:///snap/code/33/usr/share/code/resources/app/out/vs/workbench/workbench.desktop.main.js:113:502)
    at e.isCollapsed (file:///snap/code/33/usr/share/code/resources/app/out/vs/workbench/workbench.desktop.main.js:1088:430)
    at e.autoReveal (file:///snap/code/33/usr/share/code/resources/app/out/vs/workbench/workbench.desktop.main.js:6902:15)
    at e.onActiveEditorChanged (file:///snap/code/33/usr/share/code/resources/app/out/vs/workbench/workbench.desktop.main.js:6898:1000)
    at file:///snap/code/33/usr/share/code/resources/app/out/vs/workbench/workbench.desktop.main.js:6897:850
    at file:///snap/code/33/usr/share/code/resources/app/out/vs/workbench/workbench.desktop.main.js:92:219
    at e.fire (file:///snap/code/33/usr/share/code/resources/app/out/vs/workbench/workbench.desktop.main.js:95:801)
    at e.doHandleActiveEditorChangeEvent (file:///snap/code/33/usr/share/code/resources/app/out/vs/workbench/workbench.desktop.main.js:5908:1011)
    at e.handleActiveEditorChange (file:///snap/code/33/usr/share/code/resources/app/out/vs/workbench/workbench.desktop.main.js:5908:809)
    at file:///snap/code/33/usr/share/code/resources/app/out/vs/workbench/workbench.desktop.main.js:5909:104
    at e.fire (file:///snap/code/33/usr/share/code/resources/app/out/vs/workbench/workbench.desktop.main.js:95:801)
    at file:///snap/code/33/usr/share/code/resources/app/out/vs/workbench/workbench.desktop.main.js:6120:679
    at async e.openEditor (file:///snap/code/33/usr/share/code/resources/app/out/vs/workbench/workbench.desktop.main.js:6119:589)
[2020-05-17 20:45:26.016] [renderer1] [error] TreeError [MarkersView] Tree element not found: [object Object]: Error: TreeError [MarkersView] Tree element not found: [object Object]
    at t.ObjectTreeModel.getElementLocation (file:///snap/code/33/usr/share/code/resources/app/out/vs/workbench/workbench.desktop.main.js:114:373)
    at t.ObjectTreeModel.isCollapsed (file:///snap/code/33/usr/share/code/resources/app/out/vs/workbench/workbench.desktop.main.js:113:502)
    at e.isCollapsed (file:///snap/code/33/usr/share/code/resources/app/out/vs/workbench/workbench.desktop.main.js:1088:430)
    at e.autoReveal (file:///snap/code/33/usr/share/code/resources/app/out/vs/workbench/workbench.desktop.main.js:6902:15)
    at e.onActiveEditorChanged (file:///snap/code/33/usr/share/code/resources/app/out/vs/workbench/workbench.desktop.main.js:6898:1000)
    at file:///snap/code/33/usr/share/code/resources/app/out/vs/workbench/workbench.desktop.main.js:6897:850
    at file:///snap/code/33/usr/share/code/resources/app/out/vs/workbench/workbench.desktop.main.js:92:219
    at e.fire (file:///snap/code/33/usr/share/code/resources/app/out/vs/workbench/workbench.desktop.main.js:95:801)
    at e.doHandleActiveEditorChangeEvent (file:///snap/code/33/usr/share/code/resources/app/out/vs/workbench/workbench.desktop.main.js:5908:1011)
    at e.handleActiveEditorChange (file:///snap/code/33/usr/share/code/resources/app/out/vs/workbench/workbench.desktop.main.js:5908:809)
    at file:///snap/code/33/usr/share/code/resources/app/out/vs/workbench/workbench.desktop.main.js:5909:104
    at e.fire (file:///snap/code/33/usr/share/code/resources/app/out/vs/workbench/workbench.desktop.main.js:95:801)
    at file:///snap/code/33/usr/share/code/resources/app/out/vs/workbench/workbench.desktop.main.js:6120:679
    at async e.openEditor (file:///snap/code/33/usr/share/code/resources/app/out/vs/workbench/workbench.desktop.main.js:6119:589)
    at async e.openEditor (file:///snap/code/33/usr/share/code/resources/app/out/vs/workbench/workbench.desktop.main.js:5914:181)
    at async e.focusStackFrame (file:///snap/code/33/usr/share/code/resources/app/out/vs/workbench/workbench.desktop.main.js:6468:482)
    at async n (file:///snap/code/33/usr/share/code/resources/app/out/vs/workbench/workbench.desktop.main.js:6447:408)
[2020-05-17 20:46:37.983] [renderer1] [error] TreeError [MarkersView] Tree element not found: [object Object]: Error: TreeError [MarkersView] Tree element not found: [object Object]
    at t.ObjectTreeModel.getElementLocation (file:///snap/code/33/usr/share/code/resources/app/out/vs/workbench/workbench.desktop.main.js:114:373)
    at t.ObjectTreeModel.isCollapsed (file:///snap/code/33/usr/share/code/resources/app/out/vs/workbench/workbench.desktop.main.js:113:502)
    at e.isCollapsed (file:///snap/code/33/usr/share/code/resources/app/out/vs/workbench/workbench.desktop.main.js:1088:430)
    at e.autoReveal (file:///snap/code/33/usr/share/code/resources/app/out/vs/workbench/workbench.desktop.main.js:6902:15)
    at e.onActiveEditorChanged (file:///snap/code/33/usr/share/code/resources/app/out/vs/workbench/workbench.desktop.main.js:6898:1000)
    at file:///snap/code/33/usr/share/code/resources/app/out/vs/workbench/workbench.desktop.main.js:6897:850
    at file:///snap/code/33/usr/share/code/resources/app/out/vs/workbench/workbench.desktop.main.js:92:219
    at e.fire (file:///snap/code/33/usr/share/code/resources/app/out/vs/workbench/workbench.desktop.main.js:95:801)
    at e.doHandleActiveEditorChangeEvent (file:///snap/code/33/usr/share/code/resources/app/out/vs/workbench/workbench.desktop.main.js:5908:1011)
    at e.handleActiveEditorChange (file:///snap/code/33/usr/share/code/resources/app/out/vs/workbench/workbench.desktop.main.js:5908:809)
    at file:///snap/code/33/usr/share/code/resources/app/out/vs/workbench/workbench.desktop.main.js:5909:104
    at e.fire (file:///snap/code/33/usr/share/code/resources/app/out/vs/workbench/workbench.desktop.main.js:95:801)
    at file:///snap/code/33/usr/share/code/resources/app/out/vs/workbench/workbench.desktop.main.js:6120:679
    at async e.openEditor (file:///snap/code/33/usr/share/code/resources/app/out/vs/workbench/workbench.desktop.main.js:6119:589)
[2020-05-17 20:46:43.099] [renderer1] [error] TreeError [MarkersView] Tree element not found: [object Object]: Error: TreeError [MarkersView] Tree element not found: [object Object]
    at t.ObjectTreeModel.getElementLocation (file:///snap/code/33/usr/share/code/resources/app/out/vs/workbench/workbench.desktop.main.js:114:373)
    at t.ObjectTreeModel.isCollapsed (file:///snap/code/33/usr/share/code/resources/app/out/vs/workbench/workbench.desktop.main.js:113:502)
    at e.isCollapsed (file:///snap/code/33/usr/share/code/resources/app/out/vs/workbench/workbench.desktop.main.js:1088:430)
    at e.autoReveal (file:///snap/code/33/usr/share/code/resources/app/out/vs/workbench/workbench.desktop.main.js:6902:15)
    at e.onActiveEditorChanged (file:///snap/code/33/usr/share/code/resources/app/out/vs/workbench/workbench.desktop.main.js:6898:1000)
    at file:///snap/code/33/usr/share/code/resources/app/out/vs/workbench/workbench.desktop.main.js:6897:850
    at file:///snap/code/33/usr/share/code/resources/app/out/vs/workbench/workbench.desktop.main.js:92:219
    at e.fire (file:///snap/code/33/usr/share/code/resources/app/out/vs/workbench/workbench.desktop.main.js:95:801)
    at e.doHandleActiveEditorChangeEvent (file:///snap/code/33/usr/share/code/resources/app/out/vs/workbench/workbench.desktop.main.js:5908:1011)
    at e.handleActiveEditorChange (file:///snap/code/33/usr/share/code/resources/app/out/vs/workbench/workbench.desktop.main.js:5908:809)
    at file:///snap/code/33/usr/share/code/resources/app/out/vs/workbench/workbench.desktop.main.js:5909:104
    at e.fire (file:///snap/code/33/usr/share/code/resources/app/out/vs/workbench/workbench.desktop.main.js:95:801)
    at file:///snap/code/33/usr/share/code/resources/app/out/vs/workbench/workbench.desktop.main.js:6120:679
    at async e.openEditor (file:///snap/code/33/usr/share/code/resources/app/out/vs/workbench/workbench.desktop.main.js:6119:589)
[2020-05-17 20:46:52.619] [renderer1] [error] TreeError [MarkersView] Tree element not found: [object Object]: Error: TreeError [MarkersView] Tree element not found: [object Object]
    at t.ObjectTreeModel.getElementLocation (file:///snap/code/33/usr/share/code/resources/app/out/vs/workbench/workbench.desktop.main.js:114:373)
    at t.ObjectTreeModel.isCollapsed (file:///snap/code/33/usr/share/code/resources/app/out/vs/workbench/workbench.desktop.main.js:113:502)
    at e.isCollapsed (file:///snap/code/33/usr/share/code/resources/app/out/vs/workbench/workbench.desktop.main.js:1088:430)
    at e.autoReveal (file:///snap/code/33/usr/share/code/resources/app/out/vs/workbench/workbench.desktop.main.js:6902:15)
    at e.onActiveEditorChanged (file:///snap/code/33/usr/share/code/resources/app/out/vs/workbench/workbench.desktop.main.js:6898:1000)
    at file:///snap/code/33/usr/share/code/resources/app/out/vs/workbench/workbench.desktop.main.js:6897:850
    at file:///snap/code/33/usr/share/code/resources/app/out/vs/workbench/workbench.desktop.main.js:92:219
    at e.fire (file:///snap/code/33/usr/share/code/resources/app/out/vs/workbench/workbench.desktop.main.js:95:801)
    at e.doHandleActiveEditorChangeEvent (file:///snap/code/33/usr/share/code/resources/app/out/vs/workbench/workbench.desktop.main.js:5908:1011)
    at e.handleActiveEditorChange (file:///snap/code/33/usr/share/code/resources/app/out/vs/workbench/workbench.desktop.main.js:5908:809)
    at file:///snap/code/33/usr/share/code/resources/app/out/vs/workbench/workbench.desktop.main.js:5909:104
    at e.fire (file:///snap/code/33/usr/share/code/resources/app/out/vs/workbench/workbench.desktop.main.js:95:801)
    at file:///snap/code/33/usr/share/code/resources/app/out/vs/workbench/workbench.desktop.main.js:6120:679
    at async e.openEditor (file:///snap/code/33/usr/share/code/resources/app/out/vs/workbench/workbench.desktop.main.js:6119:589)
[2020-05-17 20:47:09.314] [renderer1] [error] TreeError [MarkersView] Tree element not found: [object Object]: Error: TreeError [MarkersView] Tree element not found: [object Object]
    at t.ObjectTreeModel.getElementLocation (file:///snap/code/33/usr/share/code/resources/app/out/vs/workbench/workbench.desktop.main.js:114:373)
    at t.ObjectTreeModel.isCollapsed (file:///snap/code/33/usr/share/code/resources/app/out/vs/workbench/workbench.desktop.main.js:113:502)
    at e.isCollapsed (file:///snap/code/33/usr/share/code/resources/app/out/vs/workbench/workbench.desktop.main.js:1088:430)
    at e.autoReveal (file:///snap/code/33/usr/share/code/resources/app/out/vs/workbench/workbench.desktop.main.js:6902:15)
    at e.onActiveEditorChanged (file:///snap/code/33/usr/share/code/resources/app/out/vs/workbench/workbench.desktop.main.js:6898:1000)
    at file:///snap/code/33/usr/share/code/resources/app/out/vs/workbench/workbench.desktop.main.js:6897:850
    at file:///snap/code/33/usr/share/code/resources/app/out/vs/workbench/workbench.desktop.main.js:92:219
    at e.fire (file:///snap/code/33/usr/share/code/resources/app/out/vs/workbench/workbench.desktop.main.js:95:801)
    at e.doHandleActiveEditorChangeEvent (file:///snap/code/33/usr/share/code/resources/app/out/vs/workbench/workbench.desktop.main.js:5908:1011)
    at e.handleActiveEditorChange (file:///snap/code/33/usr/share/code/resources/app/out/vs/workbench/workbench.desktop.main.js:5908:809)
    at file:///snap/code/33/usr/share/code/resources/app/out/vs/workbench/workbench.desktop.main.js:5909:104
    at e.fire (file:///snap/code/33/usr/share/code/resources/app/out/vs/workbench/workbench.desktop.main.js:95:801)
    at file:///snap/code/33/usr/share/code/resources/app/out/vs/workbench/workbench.desktop.main.js:6120:679
    at async e.openEditor (file:///snap/code/33/usr/share/code/resources/app/out/vs/workbench/workbench.desktop.main.js:6119:589)
    at async e.openEditor (file:///snap/code/33/usr/share/code/resources/app/out/vs/workbench/workbench.desktop.main.js:5914:181)
    at async e.focusStackFrame (file:///snap/code/33/usr/share/code/resources/app/out/vs/workbench/workbench.desktop.main.js:6468:482)
    at async n (file:///snap/code/33/usr/share/code/resources/app/out/vs/workbench/workbench.desktop.main.js:6447:408)
[2020-05-17 20:47:36.892] [renderer1] [error] TreeError [MarkersView] Tree element not found: [object Object]: Error: TreeError [MarkersView] Tree element not found: [object Object]
    at t.ObjectTreeModel.getElementLocation (file:///snap/code/33/usr/share/code/resources/app/out/vs/workbench/workbench.desktop.main.js:114:373)
    at t.ObjectTreeModel.isCollapsed (file:///snap/code/33/usr/share/code/resources/app/out/vs/workbench/workbench.desktop.main.js:113:502)
    at e.isCollapsed (file:///snap/code/33/usr/share/code/resources/app/out/vs/workbench/workbench.desktop.main.js:1088:430)
    at e.autoReveal (file:///snap/code/33/usr/share/code/resources/app/out/vs/workbench/workbench.desktop.main.js:6902:15)
    at e.onActiveEditorChanged (file:///snap/code/33/usr/share/code/resources/app/out/vs/workbench/workbench.desktop.main.js:6898:1000)
    at file:///snap/code/33/usr/share/code/resources/app/out/vs/workbench/workbench.desktop.main.js:6897:850
    at file:///snap/code/33/usr/share/code/resources/app/out/vs/workbench/workbench.desktop.main.js:92:219
    at e.fire (file:///snap/code/33/usr/share/code/resources/app/out/vs/workbench/workbench.desktop.main.js:95:801)
    at e.doHandleActiveEditorChangeEvent (file:///snap/code/33/usr/share/code/resources/app/out/vs/workbench/workbench.desktop.main.js:5908:1011)
    at e.handleActiveEditorChange (file:///snap/code/33/usr/share/code/resources/app/out/vs/workbench/workbench.desktop.main.js:5908:809)
    at file:///snap/code/33/usr/share/code/resources/app/out/vs/workbench/workbench.desktop.main.js:5909:104
    at e.fire (file:///snap/code/33/usr/share/code/resources/app/out/vs/workbench/workbench.desktop.main.js:95:801)
    at file:///snap/code/33/usr/share/code/resources/app/out/vs/workbench/workbench.desktop.main.js:6120:679
    at async e.openEditor (file:///snap/code/33/usr/share/code/resources/app/out/vs/workbench/workbench.desktop.main.js:6119:589)
    at async e.openEditor (file:///snap/code/33/usr/share/code/resources/app/out/vs/workbench/workbench.desktop.main.js:5914:181)
    at async e.focusStackFrame (file:///snap/code/33/usr/share/code/resources/app/out/vs/workbench/workbench.desktop.main.js:6468:482)
    at async n (file:///snap/code/33/usr/share/code/resources/app/out/vs/workbench/workbench.desktop.main.js:6447:408)
[2020-05-17 20:47:41.219] [renderer1] [error] TreeError [MarkersView] Tree element not found: [object Object]: Error: TreeError [MarkersView] Tree element not found: [object Object]
    at t.ObjectTreeModel.getElementLocation (file:///snap/code/33/usr/share/code/resources/app/out/vs/workbench/workbench.desktop.main.js:114:373)
    at t.ObjectTreeModel.isCollapsed (file:///snap/code/33/usr/share/code/resources/app/out/vs/workbench/workbench.desktop.main.js:113:502)
    at e.isCollapsed (file:///snap/code/33/usr/share/code/resources/app/out/vs/workbench/workbench.desktop.main.js:1088:430)
    at e.autoReveal (file:///snap/code/33/usr/share/code/resources/app/out/vs/workbench/workbench.desktop.main.js:6902:15)
    at e.onActiveEditorChanged (file:///snap/code/33/usr/share/code/resources/app/out/vs/workbench/workbench.desktop.main.js:6898:1000)
    at file:///snap/code/33/usr/share/code/resources/app/out/vs/workbench/workbench.desktop.main.js:6897:850
    at file:///snap/code/33/usr/share/code/resources/app/out/vs/workbench/workbench.desktop.main.js:92:219
    at e.fire (file:///snap/code/33/usr/share/code/resources/app/out/vs/workbench/workbench.desktop.main.js:95:801)
    at e.doHandleActiveEditorChangeEvent (file:///snap/code/33/usr/share/code/resources/app/out/vs/workbench/workbench.desktop.main.js:5908:1011)
    at e.handleActiveEditorChange (file:///snap/code/33/usr/share/code/resources/app/out/vs/workbench/workbench.desktop.main.js:5908:809)
    at file:///snap/code/33/usr/share/code/resources/app/out/vs/workbench/workbench.desktop.main.js:5909:104
    at e.fire (file:///snap/code/33/usr/share/code/resources/app/out/vs/workbench/workbench.desktop.main.js:95:801)
    at file:///snap/code/33/usr/share/code/resources/app/out/vs/workbench/workbench.desktop.main.js:6120:679
    at async e.openEditor (file:///snap/code/33/usr/share/code/resources/app/out/vs/workbench/workbench.desktop.main.js:6119:589)
    at async e.openEditor (file:///snap/code/33/usr/share/code/resources/app/out/vs/workbench/workbench.desktop.main.js:5914:181)
    at async e.focusStackFrame (file:///snap/code/33/usr/share/code/resources/app/out/vs/workbench/workbench.desktop.main.js:6468:482)
    at async n (file:///snap/code/33/usr/share/code/resources/app/out/vs/workbench/workbench.desktop.main.js:6447:408)
[2020-05-17 20:48:30.800] [renderer1] [error] TreeError [MarkersView] Tree element not found: [object Object]: Error: TreeError [MarkersView] Tree element not found: [object Object]
    at t.ObjectTreeModel.getElementLocation (file:///snap/code/33/usr/share/code/resources/app/out/vs/workbench/workbench.desktop.main.js:114:373)
    at t.ObjectTreeModel.isCollapsed (file:///snap/code/33/usr/share/code/resources/app/out/vs/workbench/workbench.desktop.main.js:113:502)
    at e.isCollapsed (file:///snap/code/33/usr/share/code/resources/app/out/vs/workbench/workbench.desktop.main.js:1088:430)
    at e.autoReveal (file:///snap/code/33/usr/share/code/resources/app/out/vs/workbench/workbench.desktop.main.js:6902:15)
    at e.onActiveEditorChanged (file:///snap/code/33/usr/share/code/resources/app/out/vs/workbench/workbench.desktop.main.js:6898:1000)
    at file:///snap/code/33/usr/share/code/resources/app/out/vs/workbench/workbench.desktop.main.js:6897:850
    at file:///snap/code/33/usr/share/code/resources/app/out/vs/workbench/workbench.desktop.main.js:92:219
    at e.fire (file:///snap/code/33/usr/share/code/resources/app/out/vs/workbench/workbench.desktop.main.js:95:801)
    at e.doHandleActiveEditorChangeEvent (file:///snap/code/33/usr/share/code/resources/app/out/vs/workbench/workbench.desktop.main.js:5908:1011)
    at e.handleActiveEditorChange (file:///snap/code/33/usr/share/code/resources/app/out/vs/workbench/workbench.desktop.main.js:5908:809)
    at file:///snap/code/33/usr/share/code/resources/app/out/vs/workbench/workbench.desktop.main.js:5909:104
    at e.fire (file:///snap/code/33/usr/share/code/resources/app/out/vs/workbench/workbench.desktop.main.js:95:801)
    at file:///snap/code/33/usr/share/code/resources/app/out/vs/workbench/workbench.desktop.main.js:6120:679
    at async e.openEditor (file:///snap/code/33/usr/share/code/resources/app/out/vs/workbench/workbench.desktop.main.js:6119:589)
    at async e.openEditor (file:///snap/code/33/usr/share/code/resources/app/out/vs/workbench/workbench.desktop.main.js:5914:181)
    at async e.focusStackFrame (file:///snap/code/33/usr/share/code/resources/app/out/vs/workbench/workbench.desktop.main.js:6468:482)
    at async n (file:///snap/code/33/usr/share/code/resources/app/out/vs/workbench/workbench.desktop.main.js:6447:408)
[2020-05-17 20:51:47.663] [renderer1] [error] TreeError [MarkersView] Tree element not found: [object Object]: Error: TreeError [MarkersView] Tree element not found: [object Object]
    at t.ObjectTreeModel.getElementLocation (file:///snap/code/33/usr/share/code/resources/app/out/vs/workbench/workbench.desktop.main.js:114:373)
    at t.ObjectTreeModel.isCollapsed (file:///snap/code/33/usr/share/code/resources/app/out/vs/workbench/workbench.desktop.main.js:113:502)
    at e.isCollapsed (file:///snap/code/33/usr/share/code/resources/app/out/vs/workbench/workbench.desktop.main.js:1088:430)
    at e.autoReveal (file:///snap/code/33/usr/share/code/resources/app/out/vs/workbench/workbench.desktop.main.js:6902:15)
    at e.onActiveEditorChanged (file:///snap/code/33/usr/share/code/resources/app/out/vs/workbench/workbench.desktop.main.js:6898:1000)
    at file:///snap/code/33/usr/share/code/resources/app/out/vs/workbench/workbench.desktop.main.js:6897:850
    at file:///snap/code/33/usr/share/code/resources/app/out/vs/workbench/workbench.desktop.main.js:92:219
    at e.fire (file:///snap/code/33/usr/share/code/resources/app/out/vs/workbench/workbench.desktop.main.js:95:801)
    at e.doHandleActiveEditorChangeEvent (file:///snap/code/33/usr/share/code/resources/app/out/vs/workbench/workbench.desktop.main.js:5908:1011)
    at e.handleActiveEditorChange (file:///snap/code/33/usr/share/code/resources/app/out/vs/workbench/workbench.desktop.main.js:5908:809)
    at file:///snap/code/33/usr/share/code/resources/app/out/vs/workbench/workbench.desktop.main.js:5909:104
    at e.fire (file:///snap/code/33/usr/share/code/resources/app/out/vs/workbench/workbench.desktop.main.js:95:801)
    at file:///snap/code/33/usr/share/code/resources/app/out/vs/workbench/workbench.desktop.main.js:6120:679
    at async e.openEditor (file:///snap/code/33/usr/share/code/resources/app/out/vs/workbench/workbench.desktop.main.js:6119:589)
    at async e.openEditor (file:///snap/code/33/usr/share/code/resources/app/out/vs/workbench/workbench.desktop.main.js:5914:181)
    at async e.focusStackFrame (file:///snap/code/33/usr/share/code/resources/app/out/vs/workbench/workbench.desktop.main.js:6468:482)
    at async n (file:///snap/code/33/usr/share/code/resources/app/out/vs/workbench/workbench.desktop.main.js:6447:408)
[2020-05-17 20:52:46.260] [renderer1] [error] TreeError [MarkersView] Tree element not found: [object Object]: Error: TreeError [MarkersView] Tree element not found: [object Object]
    at t.ObjectTreeModel.getElementLocation (file:///snap/code/33/usr/share/code/resources/app/out/vs/workbench/workbench.desktop.main.js:114:373)
    at t.ObjectTreeModel.isCollapsed (file:///snap/code/33/usr/share/code/resources/app/out/vs/workbench/workbench.desktop.main.js:113:502)
    at e.isCollapsed (file:///snap/code/33/usr/share/code/resources/app/out/vs/workbench/workbench.desktop.main.js:1088:430)
    at e.autoReveal (file:///snap/code/33/usr/share/code/resources/app/out/vs/workbench/workbench.desktop.main.js:6902:15)
    at e.onActiveEditorChanged (file:///snap/code/33/usr/share/code/resources/app/out/vs/workbench/workbench.desktop.main.js:6898:1000)
    at file:///snap/code/33/usr/share/code/resources/app/out/vs/workbench/workbench.desktop.main.js:6897:850
    at file:///snap/code/33/usr/share/code/resources/app/out/vs/workbench/workbench.desktop.main.js:92:219
    at e.fire (file:///snap/code/33/usr/share/code/resources/app/out/vs/workbench/workbench.desktop.main.js:95:801)
    at e.doHandleActiveEditorChangeEvent (file:///snap/code/33/usr/share/code/resources/app/out/vs/workbench/workbench.desktop.main.js:5908:1011)
    at e.handleActiveEditorChange (file:///snap/code/33/usr/share/code/resources/app/out/vs/workbench/workbench.desktop.main.js:5908:809)
    at file:///snap/code/33/usr/share/code/resources/app/out/vs/workbench/workbench.desktop.main.js:5909:104
    at e.fire (file:///snap/code/33/usr/share/code/resources/app/out/vs/workbench/workbench.desktop.main.js:95:801)
    at file:///snap/code/33/usr/share/code/resources/app/out/vs/workbench/workbench.desktop.main.js:6120:679
    at async e.openEditor (file:///snap/code/33/usr/share/code/resources/app/out/vs/workbench/workbench.desktop.main.js:6119:589)
[2020-05-17 20:53:14.010] [renderer1] [error] TreeError [MarkersView] Tree element not found: [object Object]: Error: TreeError [MarkersView] Tree element not found: [object Object]
    at t.ObjectTreeModel.getElementLocation (file:///snap/code/33/usr/share/code/resources/app/out/vs/workbench/workbench.desktop.main.js:114:373)
    at t.ObjectTreeModel.isCollapsed (file:///snap/code/33/usr/share/code/resources/app/out/vs/workbench/workbench.desktop.main.js:113:502)
    at e.isCollapsed (file:///snap/code/33/usr/share/code/resources/app/out/vs/workbench/workbench.desktop.main.js:1088:430)
    at e.autoReveal (file:///snap/code/33/usr/share/code/resources/app/out/vs/workbench/workbench.desktop.main.js:6902:15)
    at e.onActiveEditorChanged (file:///snap/code/33/usr/share/code/resources/app/out/vs/workbench/workbench.desktop.main.js:6898:1000)
    at file:///snap/code/33/usr/share/code/resources/app/out/vs/workbench/workbench.desktop.main.js:6897:850
    at file:///snap/code/33/usr/share/code/resources/app/out/vs/workbench/workbench.desktop.main.js:92:219
    at e.fire (file:///snap/code/33/usr/share/code/resources/app/out/vs/workbench/workbench.desktop.main.js:95:801)
    at e.doHandleActiveEditorChangeEvent (file:///snap/code/33/usr/share/code/resources/app/out/vs/workbench/workbench.desktop.main.js:5908:1011)
    at e.handleActiveEditorChange (file:///snap/code/33/usr/share/code/resources/app/out/vs/workbench/workbench.desktop.main.js:5908:809)
    at file:///snap/code/33/usr/share/code/resources/app/out/vs/workbench/workbench.desktop.main.js:5909:104
    at e.fire (file:///snap/code/33/usr/share/code/resources/app/out/vs/workbench/workbench.desktop.main.js:95:801)
    at file:///snap/code/33/usr/share/code/resources/app/out/vs/workbench/workbench.desktop.main.js:6120:679
    at async e.openEditor (file:///snap/code/33/usr/share/code/resources/app/out/vs/workbench/workbench.desktop.main.js:6119:589)
[2020-05-17 20:53:21.377] [renderer1] [error] TreeError [MarkersView] Tree element not found: [object Object]: Error: TreeError [MarkersView] Tree element not found: [object Object]
    at t.ObjectTreeModel.getElementLocation (file:///snap/code/33/usr/share/code/resources/app/out/vs/workbench/workbench.desktop.main.js:114:373)
    at t.ObjectTreeModel.isCollapsed (file:///snap/code/33/usr/share/code/resources/app/out/vs/workbench/workbench.desktop.main.js:113:502)
    at e.isCollapsed (file:///snap/code/33/usr/share/code/resources/app/out/vs/workbench/workbench.desktop.main.js:1088:430)
    at e.autoReveal (file:///snap/code/33/usr/share/code/resources/app/out/vs/workbench/workbench.desktop.main.js:6902:15)
    at e.onActiveEditorChanged (file:///snap/code/33/usr/share/code/resources/app/out/vs/workbench/workbench.desktop.main.js:6898:1000)
    at file:///snap/code/33/usr/share/code/resources/app/out/vs/workbench/workbench.desktop.main.js:6897:850
    at file:///snap/code/33/usr/share/code/resources/app/out/vs/workbench/workbench.desktop.main.js:92:219
    at e.fire (file:///snap/code/33/usr/share/code/resources/app/out/vs/workbench/workbench.desktop.main.js:95:801)
    at e.doHandleActiveEditorChangeEvent (file:///snap/code/33/usr/share/code/resources/app/out/vs/workbench/workbench.desktop.main.js:5908:1011)
    at e.handleActiveEditorChange (file:///snap/code/33/usr/share/code/resources/app/out/vs/workbench/workbench.desktop.main.js:5908:809)
    at file:///snap/code/33/usr/share/code/resources/app/out/vs/workbench/workbench.desktop.main.js:5909:104
    at e.fire (file:///snap/code/33/usr/share/code/resources/app/out/vs/workbench/workbench.desktop.main.js:95:801)
    at file:///snap/code/33/usr/share/code/resources/app/out/vs/workbench/workbench.desktop.main.js:6120:679
    at async e.openEditor (file:///snap/code/33/usr/share/code/resources/app/out/vs/workbench/workbench.desktop.main.js:6119:589)
[2020-05-17 20:54:08.985] [renderer1] [error] TreeError [MarkersView] Tree element not found: [object Object]: Error: TreeError [MarkersView] Tree element not found: [object Object]
    at t.ObjectTreeModel.getElementLocation (file:///snap/code/33/usr/share/code/resources/app/out/vs/workbench/workbench.desktop.main.js:114:373)
    at t.ObjectTreeModel.isCollapsed (file:///snap/code/33/usr/share/code/resources/app/out/vs/workbench/workbench.desktop.main.js:113:502)
    at e.isCollapsed (file:///snap/code/33/usr/share/code/resources/app/out/vs/workbench/workbench.desktop.main.js:1088:430)
    at e.autoReveal (file:///snap/code/33/usr/share/code/resources/app/out/vs/workbench/workbench.desktop.main.js:6902:15)
    at e.onActiveEditorChanged (file:///snap/code/33/usr/share/code/resources/app/out/vs/workbench/workbench.desktop.main.js:6898:1000)
    at file:///snap/code/33/usr/share/code/resources/app/out/vs/workbench/workbench.desktop.main.js:6897:850
    at file:///snap/code/33/usr/share/code/resources/app/out/vs/workbench/workbench.desktop.main.js:92:219
    at e.fire (file:///snap/code/33/usr/share/code/resources/app/out/vs/workbench/workbench.desktop.main.js:95:801)
    at e.doHandleActiveEditorChangeEvent (file:///snap/code/33/usr/share/code/resources/app/out/vs/workbench/workbench.desktop.main.js:5908:1011)
    at e.handleActiveEditorChange (file:///snap/code/33/usr/share/code/resources/app/out/vs/workbench/workbench.desktop.main.js:5908:809)
    at file:///snap/code/33/usr/share/code/resources/app/out/vs/workbench/workbench.desktop.main.js:5909:104
    at e.fire (file:///snap/code/33/usr/share/code/resources/app/out/vs/workbench/workbench.desktop.main.js:95:801)
    at file:///snap/code/33/usr/share/code/resources/app/out/vs/workbench/workbench.desktop.main.js:6120:679
    at async e.openEditor (file:///snap/code/33/usr/share/code/resources/app/out/vs/workbench/workbench.desktop.main.js:6119:589)
[2020-05-17 20:54:36.307] [renderer1] [error] TreeError [MarkersView] Tree element not found: [object Object]: Error: TreeError [MarkersView] Tree element not found: [object Object]
    at t.ObjectTreeModel.getElementLocation (file:///snap/code/33/usr/share/code/resources/app/out/vs/workbench/workbench.desktop.main.js:114:373)
    at t.ObjectTreeModel.isCollapsed (file:///snap/code/33/usr/share/code/resources/app/out/vs/workbench/workbench.desktop.main.js:113:502)
    at e.isCollapsed (file:///snap/code/33/usr/share/code/resources/app/out/vs/workbench/workbench.desktop.main.js:1088:430)
    at e.autoReveal (file:///snap/code/33/usr/share/code/resources/app/out/vs/workbench/workbench.desktop.main.js:6902:15)
    at e.onActiveEditorChanged (file:///snap/code/33/usr/share/code/resources/app/out/vs/workbench/workbench.desktop.main.js:6898:1000)
    at file:///snap/code/33/usr/share/code/resources/app/out/vs/workbench/workbench.desktop.main.js:6897:850
    at file:///snap/code/33/usr/share/code/resources/app/out/vs/workbench/workbench.desktop.main.js:92:219
    at e.fire (file:///snap/code/33/usr/share/code/resources/app/out/vs/workbench/workbench.desktop.main.js:95:801)
    at e.doHandleActiveEditorChangeEvent (file:///snap/code/33/usr/share/code/resources/app/out/vs/workbench/workbench.desktop.main.js:5908:1011)
    at e.handleActiveEditorChange (file:///snap/code/33/usr/share/code/resources/app/out/vs/workbench/workbench.desktop.main.js:5908:809)
    at file:///snap/code/33/usr/share/code/resources/app/out/vs/workbench/workbench.desktop.main.js:5909:104
    at e.fire (file:///snap/code/33/usr/share/code/resources/app/out/vs/workbench/workbench.desktop.main.js:95:801)
    at file:///snap/code/33/usr/share/code/resources/app/out/vs/workbench/workbench.desktop.main.js:6120:679
    at async e.openEditor (file:///snap/code/33/usr/share/code/resources/app/out/vs/workbench/workbench.desktop.main.js:6119:589)
[2020-05-17 20:54:44.727] [renderer1] [error] TreeError [MarkersView] Tree element not found: [object Object]: Error: TreeError [MarkersView] Tree element not found: [object Object]
    at t.ObjectTreeModel.getElementLocation (file:///snap/code/33/usr/share/code/resources/app/out/vs/workbench/workbench.desktop.main.js:114:373)
    at t.ObjectTreeModel.isCollapsed (file:///snap/code/33/usr/share/code/resources/app/out/vs/workbench/workbench.desktop.main.js:113:502)
    at e.isCollapsed (file:///snap/code/33/usr/share/code/resources/app/out/vs/workbench/workbench.desktop.main.js:1088:430)
    at e.autoReveal (file:///snap/code/33/usr/share/code/resources/app/out/vs/workbench/workbench.desktop.main.js:6902:15)
    at e.onActiveEditorChanged (file:///snap/code/33/usr/share/code/resources/app/out/vs/workbench/workbench.desktop.main.js:6898:1000)
    at file:///snap/code/33/usr/share/code/resources/app/out/vs/workbench/workbench.desktop.main.js:6897:850
    at file:///snap/code/33/usr/share/code/resources/app/out/vs/workbench/workbench.desktop.main.js:92:219
    at e.fire (file:///snap/code/33/usr/share/code/resources/app/out/vs/workbench/workbench.desktop.main.js:95:801)
    at e.doHandleActiveEditorChangeEvent (file:///snap/code/33/usr/share/code/resources/app/out/vs/workbench/workbench.desktop.main.js:5908:1011)
    at e.handleActiveEditorChange (file:///snap/code/33/usr/share/code/resources/app/out/vs/workbench/workbench.desktop.main.js:5908:809)
    at file:///snap/code/33/usr/share/code/resources/app/out/vs/workbench/workbench.desktop.main.js:5909:104
    at e.fire (file:///snap/code/33/usr/share/code/resources/app/out/vs/workbench/workbench.desktop.main.js:95:801)
    at file:///snap/code/33/usr/share/code/resources/app/out/vs/workbench/workbench.desktop.main.js:6120:679
    at async e.openEditor (file:///snap/code/33/usr/share/code/resources/app/out/vs/workbench/workbench.desktop.main.js:6119:589)
[2020-05-17 20:54:58.692] [renderer1] [error] TreeError [MarkersView] Tree element not found: [object Object]: Error: TreeError [MarkersView] Tree element not found: [object Object]
    at t.ObjectTreeModel.getElementLocation (file:///snap/code/33/usr/share/code/resources/app/out/vs/workbench/workbench.desktop.main.js:114:373)
    at t.ObjectTreeModel.isCollapsed (file:///snap/code/33/usr/share/code/resources/app/out/vs/workbench/workbench.desktop.main.js:113:502)
    at e.isCollapsed (file:///snap/code/33/usr/share/code/resources/app/out/vs/workbench/workbench.desktop.main.js:1088:430)
    at e.autoReveal (file:///snap/code/33/usr/share/code/resources/app/out/vs/workbench/workbench.desktop.main.js:6902:15)
    at e.onActiveEditorChanged (file:///snap/code/33/usr/share/code/resources/app/out/vs/workbench/workbench.desktop.main.js:6898:1000)
    at file:///snap/code/33/usr/share/code/resources/app/out/vs/workbench/workbench.desktop.main.js:6897:850
    at file:///snap/code/33/usr/share/code/resources/app/out/vs/workbench/workbench.desktop.main.js:92:219
    at e.fire (file:///snap/code/33/usr/share/code/resources/app/out/vs/workbench/workbench.desktop.main.js:95:801)
    at e.doHandleActiveEditorChangeEvent (file:///snap/code/33/usr/share/code/resources/app/out/vs/workbench/workbench.desktop.main.js:5908:1011)
    at e.handleActiveEditorChange (file:///snap/code/33/usr/share/code/resources/app/out/vs/workbench/workbench.desktop.main.js:5908:809)
    at file:///snap/code/33/usr/share/code/resources/app/out/vs/workbench/workbench.desktop.main.js:5909:104
    at e.fire (file:///snap/code/33/usr/share/code/resources/app/out/vs/workbench/workbench.desktop.main.js:95:801)
    at file:///snap/code/33/usr/share/code/resources/app/out/vs/workbench/workbench.desktop.main.js:6120:679
    at async e.openEditor (file:///snap/code/33/usr/share/code/resources/app/out/vs/workbench/workbench.desktop.main.js:6119:589)
[2020-05-17 20:55:09.736] [renderer1] [error] TreeError [MarkersView] Tree element not found: [object Object]: Error: TreeError [MarkersView] Tree element not found: [object Object]
    at t.ObjectTreeModel.getElementLocation (file:///snap/code/33/usr/share/code/resources/app/out/vs/workbench/workbench.desktop.main.js:114:373)
    at t.ObjectTreeModel.isCollapsed (file:///snap/code/33/usr/share/code/resources/app/out/vs/workbench/workbench.desktop.main.js:113:502)
    at e.isCollapsed (file:///snap/code/33/usr/share/code/resources/app/out/vs/workbench/workbench.desktop.main.js:1088:430)
    at e.autoReveal (file:///snap/code/33/usr/share/code/resources/app/out/vs/workbench/workbench.desktop.main.js:6902:15)
    at e.onActiveEditorChanged (file:///snap/code/33/usr/share/code/resources/app/out/vs/workbench/workbench.desktop.main.js:6898:1000)
    at file:///snap/code/33/usr/share/code/resources/app/out/vs/workbench/workbench.desktop.main.js:6897:850
    at file:///snap/code/33/usr/share/code/resources/app/out/vs/workbench/workbench.desktop.main.js:92:219
    at e.fire (file:///snap/code/33/usr/share/code/resources/app/out/vs/workbench/workbench.desktop.main.js:95:801)
    at e.doHandleActiveEditorChangeEvent (file:///snap/code/33/usr/share/code/resources/app/out/vs/workbench/workbench.desktop.main.js:5908:1011)
    at e.handleActiveEditorChange (file:///snap/code/33/usr/share/code/resources/app/out/vs/workbench/workbench.desktop.main.js:5908:809)
    at file:///snap/code/33/usr/share/code/resources/app/out/vs/workbench/workbench.desktop.main.js:5909:104
    at e.fire (file:///snap/code/33/usr/share/code/resources/app/out/vs/workbench/workbench.desktop.main.js:95:801)
    at file:///snap/code/33/usr/share/code/resources/app/out/vs/workbench/workbench.desktop.main.js:6120:679
    at async e.openEditor (file:///snap/code/33/usr/share/code/resources/app/out/vs/workbench/workbench.desktop.main.js:6119:589)
[2020-05-17 20:55:18.251] [renderer1] [error] TreeError [MarkersView] Tree element not found: [object Object]: Error: TreeError [MarkersView] Tree element not found: [object Object]
    at t.ObjectTreeModel.getElementLocation (file:///snap/code/33/usr/share/code/resources/app/out/vs/workbench/workbench.desktop.main.js:114:373)
    at t.ObjectTreeModel.isCollapsed (file:///snap/code/33/usr/share/code/resources/app/out/vs/workbench/workbench.desktop.main.js:113:502)
    at e.isCollapsed (file:///snap/code/33/usr/share/code/resources/app/out/vs/workbench/workbench.desktop.main.js:1088:430)
    at e.autoReveal (file:///snap/code/33/usr/share/code/resources/app/out/vs/workbench/workbench.desktop.main.js:6902:15)
    at e.onActiveEditorChanged (file:///snap/code/33/usr/share/code/resources/app/out/vs/workbench/workbench.desktop.main.js:6898:1000)
    at file:///snap/code/33/usr/share/code/resources/app/out/vs/workbench/workbench.desktop.main.js:6897:850
    at file:///snap/code/33/usr/share/code/resources/app/out/vs/workbench/workbench.desktop.main.js:92:219
    at e.fire (file:///snap/code/33/usr/share/code/resources/app/out/vs/workbench/workbench.desktop.main.js:95:801)
    at e.doHandleActiveEditorChangeEvent (file:///snap/code/33/usr/share/code/resources/app/out/vs/workbench/workbench.desktop.main.js:5908:1011)
    at e.handleActiveEditorChange (file:///snap/code/33/usr/share/code/resources/app/out/vs/workbench/workbench.desktop.main.js:5908:809)
    at file:///snap/code/33/usr/share/code/resources/app/out/vs/workbench/workbench.desktop.main.js:5909:104
    at e.fire (file:///snap/code/33/usr/share/code/resources/app/out/vs/workbench/workbench.desktop.main.js:95:801)
    at file:///snap/code/33/usr/share/code/resources/app/out/vs/workbench/workbench.desktop.main.js:6120:679
    at async e.openEditor (file:///snap/code/33/usr/share/code/resources/app/out/vs/workbench/workbench.desktop.main.js:6119:589)
[2020-05-17 20:55:32.616] [renderer1] [error] TreeError [MarkersView] Tree element not found: [object Object]: Error: TreeError [MarkersView] Tree element not found: [object Object]
    at t.ObjectTreeModel.getElementLocation (file:///snap/code/33/usr/share/code/resources/app/out/vs/workbench/workbench.desktop.main.js:114:373)
    at t.ObjectTreeModel.isCollapsed (file:///snap/code/33/usr/share/code/resources/app/out/vs/workbench/workbench.desktop.main.js:113:502)
    at e.isCollapsed (file:///snap/code/33/usr/share/code/resources/app/out/vs/workbench/workbench.desktop.main.js:1088:430)
    at e.autoReveal (file:///snap/code/33/usr/share/code/resources/app/out/vs/workbench/workbench.desktop.main.js:6902:15)
    at e.onActiveEditorChanged (file:///snap/code/33/usr/share/code/resources/app/out/vs/workbench/workbench.desktop.main.js:6898:1000)
    at file:///snap/code/33/usr/share/code/resources/app/out/vs/workbench/workbench.desktop.main.js:6897:850
    at file:///snap/code/33/usr/share/code/resources/app/out/vs/workbench/workbench.desktop.main.js:92:219
    at e.fire (file:///snap/code/33/usr/share/code/resources/app/out/vs/workbench/workbench.desktop.main.js:95:801)
    at e.doHandleActiveEditorChangeEvent (file:///snap/code/33/usr/share/code/resources/app/out/vs/workbench/workbench.desktop.main.js:5908:1011)
    at e.handleActiveEditorChange (file:///snap/code/33/usr/share/code/resources/app/out/vs/workbench/workbench.desktop.main.js:5908:809)
    at file:///snap/code/33/usr/share/code/resources/app/out/vs/workbench/workbench.desktop.main.js:5909:104
    at e.fire (file:///snap/code/33/usr/share/code/resources/app/out/vs/workbench/workbench.desktop.main.js:95:801)
    at file:///snap/code/33/usr/share/code/resources/app/out/vs/workbench/workbench.desktop.main.js:6120:679
    at async e.openEditor (file:///snap/code/33/usr/share/code/resources/app/out/vs/workbench/workbench.desktop.main.js:6119:589)
[2020-05-17 20:56:35.917] [renderer1] [error] TreeError [MarkersView] Tree element not found: [object Object]: Error: TreeError [MarkersView] Tree element not found: [object Object]
    at t.ObjectTreeModel.getElementLocation (file:///snap/code/33/usr/share/code/resources/app/out/vs/workbench/workbench.desktop.main.js:114:373)
    at t.ObjectTreeModel.isCollapsed (file:///snap/code/33/usr/share/code/resources/app/out/vs/workbench/workbench.desktop.main.js:113:502)
    at e.isCollapsed (file:///snap/code/33/usr/share/code/resources/app/out/vs/workbench/workbench.desktop.main.js:1088:430)
    at e.autoReveal (file:///snap/code/33/usr/share/code/resources/app/out/vs/workbench/workbench.desktop.main.js:6902:15)
    at e.onActiveEditorChanged (file:///snap/code/33/usr/share/code/resources/app/out/vs/workbench/workbench.desktop.main.js:6898:1000)
    at file:///snap/code/33/usr/share/code/resources/app/out/vs/workbench/workbench.desktop.main.js:6897:850
    at file:///snap/code/33/usr/share/code/resources/app/out/vs/workbench/workbench.desktop.main.js:92:219
    at e.fire (file:///snap/code/33/usr/share/code/resources/app/out/vs/workbench/workbench.desktop.main.js:95:801)
    at e.doHandleActiveEditorChangeEvent (file:///snap/code/33/usr/share/code/resources/app/out/vs/workbench/workbench.desktop.main.js:5908:1011)
    at e.handleActiveEditorChange (file:///snap/code/33/usr/share/code/resources/app/out/vs/workbench/workbench.desktop.main.js:5908:809)
    at file:///snap/code/33/usr/share/code/resources/app/out/vs/workbench/workbench.desktop.main.js:5909:104
    at e.fire (file:///snap/code/33/usr/share/code/resources/app/out/vs/workbench/workbench.desktop.main.js:95:801)
    at file:///snap/code/33/usr/share/code/resources/app/out/vs/workbench/workbench.desktop.main.js:6120:679
    at async e.openEditor (file:///snap/code/33/usr/share/code/resources/app/out/vs/workbench/workbench.desktop.main.js:6119:589)
