Looking for git in: git
Using git 2.17.1 from git
> git rev-parse --show-toplevel
> git rev-parse --git-dir
Open repository: /media/krish/WD1/Ubuntu/Documents/coursework/2019-2020/winter-2020/CSE 478 - Autonomous Robotics/lab/lab_2/lab2
> git status -z -u
> git symbolic-ref --short HEAD
> git rev-parse krishnas-branch
> git rev-parse --symbolic-full-name krishnas-branch@{u}
fatal: no upstream configured for branch 'krishnas-branch'
> git for-each-ref --format %(refname) %(objectname) --sort -committerdate
> git remote --verbose
> git config --get commit.template
> git check-ignore -v -z --stdin
> git check-ignore -v -z --stdin
> git config --global user.email
> git config --global user.name
> git show :src/mpc.py
> git ls-files --stage -- /media/krish/WD1/Ubuntu/Documents/coursework/2019-2020/winter-2020/CSE 478 - Autonomous Robotics/lab/lab_2/lab2/src/mpc.py
> git cat-file -s 26d1f0d912c284f706812bb6654f5526a5128eb0
> git check-ignore -v -z --stdin
> git check-ignore -v -z --stdin
